#
# A fatal error has been detected by the Java Runtime Environment:
#
#  EXCEPTION_ACCESS_VIOLATION (0xc0000005) at pc=0x000001f507549b7d, pid=25792, tid=29064
#
# JRE version: Java(TM) SE Runtime Environment (23.0.1+11) (build 23.0.1+11-39)
# Java VM: Java HotSpot(TM) 64-Bit Server VM (23.0.1+11-39, mixed mode, sharing, tiered, compressed oops, compressed class ptrs, g1 gc, windows-amd64)
# Problematic frame:
# j  __PROGRAM__.main([Ljava/lang/String;)V+21
#
# No core dump will be written. Minidumps are not enabled by default on client versions of Windows
#
# If you would like to submit a bug report, please visit:
#   https://bugreport.java.com/bugreport/crash.jsp
#

---------------  S U M M A R Y ------------

Command Line: -Xverify:none __PROGRAM__

Host: Intel(R) Core(TM) i3-8100 CPU @ 3.60GHz, 4 cores, 15G,  Windows 10 , 64 bit Build 19041 (10.0.19041.5198)
Time: Sat Jan 18 21:08:59 2025  Windows 10 , 64 bit Build 19041 (10.0.19041.5198) elapsed time: 0.152280 seconds (0d 0h 0m 0s)

---------------  T H R E A D  ---------------

Current thread (0x000001f56875e3e0):  JavaThread "main"             [_thread_in_Java, id=29064, stack(0x000000b197600000,0x000000b197700000) (1024K)]

Stack: [0x000000b197600000,0x000000b197700000],  sp=0x000000b1976ff3d8,  free space=1020k
Native frames: (J=compiled Java code, j=interpreted, Vv=VM code, C=native code)
C  0x000001f507549b7d  (no source info available)

The last pc belongs to invokespecial (printed below).

siginfo: EXCEPTION_ACCESS_VIOLATION (0xc0000005), reading address 0x0000000740000000


Registers:
RAX=0x0000000000000000, RBX=0x000001f550401400, RCX=0x0000000740000000, RDX=0x0000000000000000
RSP=0x000000b1976ff3d8, RBP=0x000000b1976ff440, RSI=0x0000000000000000, RDI=0x000000b1976ff778
R8 =0x0000000000000002, R9 =0x00000000000000cc, R10=0x00007ffff98f3560, R11=0x000001f507ac0690
R12=0x0000000000000000, R13=0x000001f5504001e5, R14=0x000000b1976ff460, R15=0x000001f56875e3e0
RIP=0x000001f507549b7d, EFLAGS=0x0000000000010246


Register to memory mapping:

RAX=0x0 is null
RBX={method} {0x000001f550401408} '<init>' '(I)V' in '__BASE__'
RCX=0x0000000740000000 is an unallocated location in the heap
RDX=0x0 is null
RSP=0x000000b1976ff3d8 is pointing into the stack for thread: 0x000001f56875e3e0
RBP=0x000000b1976ff440 is pointing into the stack for thread: 0x000001f56875e3e0
RSI=0x0 is null
RDI=0x000000b1976ff778 is pointing into the stack for thread: 0x000001f56875e3e0
R8 =0x0000000000000002 is an unknown value
R9 =0x00000000000000cc is an unknown value
R10=0x00007ffff98f3560 jvm.dll
R11=0x000001f507ac0690 is at entry_point+14 in (nmethod*)0x000001f507ac0588
Compiled method (c2) 314   14       4       java.lang.Object::<init> (1 bytes)
 total in heap  [0x000001f507ac0588,0x000001f507ac0708] = 384
 relocation     [0x000001f507ac0660,0x000001f507ac0678] = 24
 main code      [0x000001f507ac0680,0x000001f507ac06e0] = 96
 stub code      [0x000001f507ac06e0,0x000001f507ac06f8] = 24
 metadata       [0x000001f507ac06f8,0x000001f507ac0708] = 16
 immutable data [0x000001f554033550,0x000001f554033580] = 48
 dependencies   [0x000001f554033550,0x000001f554033558] = 8
 scopes pcs     [0x000001f554033558,0x000001f554033578] = 32
 scopes data    [0x000001f554033578,0x000001f554033580] = 8
R12=0x0 is null
R13=0x000001f5504001e5 is pointing into metadata
R14=0x000000b1976ff460 is pointing into the stack for thread: 0x000001f56875e3e0
R15=0x000001f56875e3e0 is a thread

Top of Stack: (sp=0x000000b1976ff3d8)
0x000000b1976ff3d8:   000001f507538700 0000000000000000
0x000000b1976ff3e8:   0000000740000000 0000000740000000
0x000000b1976ff3f8:   fffffffffffffff7 000001f5504001e5
0x000000b1976ff408:   0000000000000004 000001f550400300
0x000000b1976ff418:   0000000000000000 00000007107254c8
0x000000b1976ff428:   000001f550400208 0000000000000000
0x000000b1976ff438:   000000b1976ff460 000000b1976ff540
0x000000b1976ff448:   000001f507530fcd 000000071072c410
0x000000b1976ff458:   000000071072c398 0000000710725c98
0x000000b1976ff468:   0000000000000000 0000000000000000
0x000000b1976ff478:   0000000000000000 0000000000000000
0x000000b1976ff488:   0000000000000000 0000000000000000
0x000000b1976ff498:   0000000000000000 0000000000000000
0x000000b1976ff4a8:   0000000000000000 0000000000000000
0x000000b1976ff4b8:   0000000000000000 0000000000000000
0x000000b1976ff4c8:   0000000000000000 0000000000000000
0x000000b1976ff4d8:   0000000000000000 0000000000000000
0x000000b1976ff4e8:   0000000000000000 0000000000000000
0x000000b1976ff4f8:   0000000000000000 0000000000000000
0x000000b1976ff508:   000000b1976ff878 0000000000000001
0x000000b1976ff518:   000000000000000a 000000b1976ff748
0x000000b1976ff528:   000000b1976ff778 000000b1976ff770
0x000000b1976ff538:   000001f56875e3e0 000000b1976ff650
0x000000b1976ff548:   00007ffff904b91c 000000b1976ff590
0x000000b1976ff558:   000000b1976ff880 000000000000000a
0x000000b1976ff568:   000001f550400208 000001f50753bdc0
0x000000b1976ff578:   000000b1976ff778 0000000000000001
0x000000b1976ff588:   000001f56875e3e0 000001f56875e3e0
0x000000b1976ff598:   000001f568772d50 000001f550400208
0x000000b1976ff5a8:   0000000000000000 0000000000000000
0x000000b1976ff5b8:   0000000000000000 0000000000000000
0x000000b1976ff5c8:   000000b1976ff878 000001f5540bebc0 

Instructions: (pc=0x000001f507549b7d)
0x000001f507549a7d:   11 08 0f b6 59 16 81 fb b7 00 00 00 0f 84 bd 00
0x000001f507549a8d:   00 00 bb b7 00 00 00 e8 05 00 00 00 e9 99 00 00
0x000001f507549a9d:   00 48 8b d3 48 8d 44 24 08 4c 89 6d c0 49 8b cf
0x000001f507549aad:   c5 f8 77 49 89 af b0 03 00 00 49 89 87 a0 03 00
0x000001f507549abd:   00 48 83 ec 20 40 f6 c4 0f 0f 84 19 00 00 00 48
0x000001f507549acd:   83 ec 08 48 b8 60 51 04 f9 ff 7f 00 00 ff d0 48
0x000001f507549add:   83 c4 08 e9 0c 00 00 00 48 b8 60 51 04 f9 ff 7f
0x000001f507549aed:   00 00 ff d0 48 83 c4 20 49 c7 87 a0 03 00 00 00
0x000001f507549afd:   00 00 00 49 c7 87 b0 03 00 00 00 00 00 00 49 c7
0x000001f507549b0d:   87 a8 03 00 00 00 00 00 00 c5 f8 77 49 83 7f 08
0x000001f507549b1d:   00 0f 84 05 00 00 00 e9 97 73 fe ff 4c 8b 6d c0
0x000001f507549b2d:   4c 8b 75 c8 4e 8d 74 f5 00 c3 48 8b 4d d0 41 0f
0x000001f507549b3d:   b7 55 01 48 8b 49 30 6b d2 18 48 8d 4c 11 08 0f
0x000001f507549b4d:   b6 51 15 48 8b 19 4c 89 6d c0 44 8b ea 0f b6 51
0x000001f507549b5d:   14 0f b7 49 12 48 8b 4c cc f8 49 ba 60 35 8f f9
0x000001f507549b6d:   ff 7f 00 00 49 8b 14 d2 52 41 8b d5 4c 8b 6d c0
0x000001f507549b7d:   48 3b 01 48 8b 45 d8 48 85 c0 0f 84 12 00 00 00
0x000001f507549b8d:   48 83 40 08 01 48 83 58 08 00 48 83 c0 10 48 89
0x000001f507549b9d:   45 d8 48 8b 45 d8 48 85 c0 0f 84 3d 01 00 00 80
0x000001f507549bad:   78 f0 0a 0f 85 33 01 00 00 48 83 c0 08 4c 8b 68
0x000001f507549bbd:   f8 41 83 ed 00 41 83 fd 02 0f 8c 12 01 00 00 4c
0x000001f507549bcd:   8b 6b 08 45 0f b7 6d 2e 4c 2b 28 41 83 ed 01 4e
0x000001f507549bdd:   8b 6c ec 08 4d 85 ed 75 0e f6 40 08 01 75 58 f0
0x000001f507549bed:   48 83 48 08 01 eb 50 45 8b 6d 08 49 ba 00 00 00
0x000001f507549bfd:   0f f5 01 00 00 4d 03 ea 4d 8b d5 4c 33 68 08 49
0x000001f507549c0d:   f7 c5 fc ff ff ff 74 2f 41 f6 c5 02 75 29 48 83
0x000001f507549c1d:   78 08 00 74 1e 48 83 78 08 01 74 17 4d 8b ea 4c
0x000001f507549c2d:   33 68 08 49 f7 c5 fc ff ff ff 74 0b 48 83 48 08
0x000001f507549c3d:   02 eb 04 4c 89 68 08 48 83 c0 10 4c 8b 68 e8 41
0x000001f507549c4d:   83 ed 02 41 83 fd 02 0f 8c 84 00 00 00 4c 8b 6b
0x000001f507549c5d:   08 45 0f b7 6d 2e 4c 2b 28 41 83 ed 01 4e 8b 6c
0x000001f507549c6d:   ec 08 4d 85 ed 75 0e f6 40 08 01 75 58 f0 48 83 


Stack slot to memory mapping:

stack at sp + 0 slots: 0x000001f507538700 is at code_begin+1280 in an Interpreter codelet
return entry points  [0x000001f507538200, 0x000001f507538e90]  3216 bytes
stack at sp + 1 slots: 0x0 is null
stack at sp + 2 slots: 0x0000000740000000 is an unallocated location in the heap
stack at sp + 3 slots: 0x0000000740000000 is an unallocated location in the heap
stack at sp + 4 slots: 0xfffffffffffffff7 is an unknown value
stack at sp + 5 slots: 0x000001f5504001e5 is pointing into metadata
stack at sp + 6 slots: 0x0000000000000004 is an unknown value
stack at sp + 7 slots: 0x000001f550400300 is pointing into metadata

Lock stack of current Java thread (top to bottom):

invokespecial  183 invokespecial  [0x000001f507549a40, 0x000001f507549d00]  704 bytes
[MachCode]
  0x000001f507549a40: 4883 ec08 | c5fa 1104 | 24eb 1f48 | 83ec 10c5 | fb11 0424 | eb14 4883 | ec10 4889 | 0424 48c7 
  0x000001f507549a60: 4424 0800 | 0000 00eb | 0150 488b | 4dd0 410f | b755 0148 | 8b49 306b | d218 488d | 4c11 080f 
  0x000001f507549a80: b659 1681 | fbb7 0000 | 000f 84bd | 0000 00bb | b700 0000 | e805 0000 | 00e9 9900 | 0000 488b 
  0x000001f507549aa0: d348 8d44 | 2408 4c89 | 6dc0 498b | cfc5 f877 | 4989 afb0 | 0300 0049 | 8987 a003 | 0000 4883 
  0x000001f507549ac0: ec20 40f6 | c40f 0f84 | 1900 0000 | 4883 ec08 | 48b8 6051 | 04f9 ff7f | 0000 ffd0 | 4883 c408 
  0x000001f507549ae0: e90c 0000 | 0048 b860 | 5104 f9ff | 7f00 00ff | d048 83c4 | 2049 c787 | a003 0000 | 0000 0000 
  0x000001f507549b00: 49c7 87b0 | 0300 0000 | 0000 0049 | c787 a803 | 0000 0000 | 0000 c5f8 | 7749 837f | 0800 0f84 
  0x000001f507549b20: 0500 0000 | e997 73fe | ff4c 8b6d | c04c 8b75 | c84e 8d74 | f500 c348 | 8b4d d041 | 0fb7 5501 
  0x000001f507549b40: 488b 4930 | 6bd2 1848 | 8d4c 1108 | 0fb6 5115 | 488b 194c | 896d c044 | 8bea 0fb6 | 5114 0fb7 
  0x000001f507549b60: 4912 488b | 4ccc f849 | ba60 358f | f9ff 7f00 | 0049 8b14 | d252 418b | d54c 8b6d | c048 3b01 
  0x000001f507549b80: 488b 45d8 | 4885 c00f | 8412 0000 | 0048 8340 | 0801 4883 | 5808 0048 | 83c0 1048 | 8945 d848 
  0x000001f507549ba0: 8b45 d848 | 85c0 0f84 | 3d01 0000 | 8078 f00a | 0f85 3301 | 0000 4883 | c008 4c8b | 68f8 4183 
  0x000001f507549bc0: ed00 4183 | fd02 0f8c | 1201 0000 | 4c8b 6b08 | 450f b76d | 2e4c 2b28 | 4183 ed01 | 4e8b 6cec 
  0x000001f507549be0: 084d 85ed | 750e f640 | 0801 7558 | f048 8348 | 0801 eb50 | 458b 6d08 | 49ba 0000 | 000f f501 
  0x000001f507549c00: 0000 4d03 | ea4d 8bd5 | 4c33 6808 | 49f7 c5fc | ffff ff74 | 2f41 f6c5 | 0275 2948 | 8378 0800 
  0x000001f507549c20: 741e 4883 | 7808 0174 | 174d 8bea | 4c33 6808 | 49f7 c5fc | ffff ff74 | 0b48 8348 | 0802 eb04 
  0x000001f507549c40: 4c89 6808 | 4883 c010 | 4c8b 68e8 | 4183 ed02 | 4183 fd02 | 0f8c 8400 | 0000 4c8b | 6b08 450f 
  0x000001f507549c60: b76d 2e4c | 2b28 4183 | ed01 4e8b | 6cec 084d | 85ed 750e | f640 0801 | 7558 f048 | 8348 0801 
  0x000001f507549c80: eb50 458b | 6d08 49ba | 0000 000f | f501 0000 | 4d03 ea4d | 8bd5 4c33 | 6808 49f7 | c5fc ffff 
  0x000001f507549ca0: ff74 2f41 | f6c5 0275 | 2948 8378 | 0800 741e | 4883 7808 | 0174 174d | 8bea 4c33 | 6808 49f7 
  0x000001f507549cc0: c5fc ffff | ff74 0b48 | 8348 0802 | eb04 4c89 | 6808 4883 | c010 4c8b | 68d8 4183 | ed04 41c1 
  0x000001f507549ce0: e503 4903 | c548 8945 | d84c 8d6c | 2408 498b | cd48 2bcd | 48c1 f903 | 4889 4df0 | ff63 5090 
[/MachCode]

---------------  P R O C E S S  ---------------

Threads class SMR info:
_java_thread_list=0x000001f5540e33c0, length=11, elements={
0x000001f56875e3e0, 0x000001f57a5e1130, 0x000001f57a5e29a0, 0x000001f57a5e7d40,
0x000001f57a5e87a0, 0x000001f57a5e9200, 0x000001f57a5e9c60, 0x000001f57a5ea9f0,
0x000001f554028560, 0x000001f554109e60, 0x000001f55410f0f0
}

Java Threads: ( => current thread )
=>0x000001f56875e3e0 JavaThread "main"                              [_thread_in_Java, id=29064, stack(0x000000b197600000,0x000000b197700000) (1024K)]
  0x000001f57a5e1130 JavaThread "Reference Handler"          daemon [_thread_blocked, id=27988, stack(0x000000b197f00000,0x000000b198000000) (1024K)]
  0x000001f57a5e29a0 JavaThread "Finalizer"                  daemon [_thread_blocked, id=31336, stack(0x000000b198000000,0x000000b198100000) (1024K)]
  0x000001f57a5e7d40 JavaThread "Signal Dispatcher"          daemon [_thread_blocked, id=20316, stack(0x000000b198100000,0x000000b198200000) (1024K)]
  0x000001f57a5e87a0 JavaThread "Attach Listener"            daemon [_thread_blocked, id=25388, stack(0x000000b198200000,0x000000b198300000) (1024K)]
  0x000001f57a5e9200 JavaThread "Service Thread"             daemon [_thread_blocked, id=2900, stack(0x000000b198300000,0x000000b198400000) (1024K)]
  0x000001f57a5e9c60 JavaThread "Monitor Deflation Thread"   daemon [_thread_blocked, id=30252, stack(0x000000b198400000,0x000000b198500000) (1024K)]
  0x000001f57a5ea9f0 JavaThread "C2 CompilerThread0"         daemon [_thread_blocked, id=30776, stack(0x000000b198500000,0x000000b198600000) (1024K)]
  0x000001f554028560 JavaThread "C1 CompilerThread0"         daemon [_thread_blocked, id=4696, stack(0x000000b198600000,0x000000b198700000) (1024K)]
  0x000001f554109e60 JavaThread "Notification Thread"        daemon [_thread_blocked, id=24284, stack(0x000000b198700000,0x000000b198800000) (1024K)]
  0x000001f55410f0f0 JavaThread "Common-Cleaner"             daemon [_thread_blocked, id=7892, stack(0x000000b198800000,0x000000b198900000) (1024K)]
Total: 11

Other Threads:
  0x000001f57a5c3350 VMThread "VM Thread"                           [id=27736, stack(0x000000b197e00000,0x000000b197f00000) (1024K)]
  0x000001f57a5b1f40 WatcherThread "VM Periodic Task Thread"        [id=27844, stack(0x000000b197d00000,0x000000b197e00000) (1024K)]
  0x000001f56aa56b20 WorkerThread "GC Thread#0"                     [id=20428, stack(0x000000b197800000,0x000000b197900000) (1024K)]
  0x000001f56aa6bae0 ConcurrentGCThread "G1 Main Marker"            [id=8956, stack(0x000000b197900000,0x000000b197a00000) (1024K)]
  0x000001f56aa6d600 WorkerThread "G1 Conc#0"                       [id=21952, stack(0x000000b197a00000,0x000000b197b00000) (1024K)]
  0x000001f57a479910 ConcurrentGCThread "G1 Refine#0"               [id=19812, stack(0x000000b197b00000,0x000000b197c00000) (1024K)]
  0x000001f56aabe210 ConcurrentGCThread "G1 Service"                [id=30736, stack(0x000000b197c00000,0x000000b197d00000) (1024K)]
Total: 7

Threads with active compile tasks:
Total: 0

VM state: not at safepoint (normal execution)

VM Mutex/Monitor currently owned by a thread: None

Heap address: 0x0000000700800000, size: 4088 MB, Compressed Oops mode: Zero based, Oop shift amount: 3

CDS archive(s) mapped at: [0x000001f50f000000-0x000001f50fd70000-0x000001f50fd70000), size 14090240, SharedBaseAddress: 0x000001f50f000000, ArchiveRelocationMode: 1.
Compressed class space mapped at: 0x000001f510000000-0x000001f550000000, reserved size: 1073741824
Narrow klass base: 0x000001f50f000000, Narrow klass shift: 0, Narrow klass range: 0x41000000

GC Precious Log:
 CardTable entry size: 512
 Card Set container configuration: InlinePtr #cards 4 size 8 Array Of Cards #cards 16 size 48 Howl #buckets 8 coarsen threshold 3686 Howl Bitmap #cards 512 size 80 coarsen threshold 460 Card regions per heap region 1 cards per card region 4096
 CPUs: 4 total, 4 available
 Memory: 16344M
 Large Page Support: Disabled
 NUMA Support: Disabled
 Compressed Oops: Enabled (Zero based)
 Heap Region Size: 2M
 Heap Min Capacity: 8M
 Heap Initial Capacity: 256M
 Heap Max Capacity: 4088M
 Pre-touch: Disabled
 Parallel Workers: 4
 Concurrent Workers: 1
 Concurrent Refinement Workers: 4
 Periodic GC: Disabled

Heap:
 garbage-first heap   total reserved 4186112K, committed 262144K, used 0K [0x0000000700800000, 0x0000000800000000)
  region size 2048K, 1 young (2048K), 0 survivors (0K)
 Metaspace       used 179K, committed 384K, reserved 1114112K
  class space    used 7K, committed 128K, reserved 1048576K

Heap Regions: E=young(eden), S=young(survivor), O=old, HS=humongous(starts), HC=humongous(continues), CS=collection set, F=free, TAMS=top-at-mark-start, PB=parsable bottom
|   0|0x0000000700800000, 0x0000000700800000, 0x0000000700a00000|  0%| F|  |TAMS 0x0000000700800000| PB 0x0000000700800000| Untracked |  0
|   1|0x0000000700a00000, 0x0000000700a00000, 0x0000000700c00000|  0%| F|  |TAMS 0x0000000700a00000| PB 0x0000000700a00000| Untracked |  0
|   2|0x0000000700c00000, 0x0000000700c00000, 0x0000000700e00000|  0%| F|  |TAMS 0x0000000700c00000| PB 0x0000000700c00000| Untracked |  0
|   3|0x0000000700e00000, 0x0000000700e00000, 0x0000000701000000|  0%| F|  |TAMS 0x0000000700e00000| PB 0x0000000700e00000| Untracked |  0
|   4|0x0000000701000000, 0x0000000701000000, 0x0000000701200000|  0%| F|  |TAMS 0x0000000701000000| PB 0x0000000701000000| Untracked |  0
|   5|0x0000000701200000, 0x0000000701200000, 0x0000000701400000|  0%| F|  |TAMS 0x0000000701200000| PB 0x0000000701200000| Untracked |  0
|   6|0x0000000701400000, 0x0000000701400000, 0x0000000701600000|  0%| F|  |TAMS 0x0000000701400000| PB 0x0000000701400000| Untracked |  0
|   7|0x0000000701600000, 0x0000000701600000, 0x0000000701800000|  0%| F|  |TAMS 0x0000000701600000| PB 0x0000000701600000| Untracked |  0
|   8|0x0000000701800000, 0x0000000701800000, 0x0000000701a00000|  0%| F|  |TAMS 0x0000000701800000| PB 0x0000000701800000| Untracked |  0
|   9|0x0000000701a00000, 0x0000000701a00000, 0x0000000701c00000|  0%| F|  |TAMS 0x0000000701a00000| PB 0x0000000701a00000| Untracked |  0
|  10|0x0000000701c00000, 0x0000000701c00000, 0x0000000701e00000|  0%| F|  |TAMS 0x0000000701c00000| PB 0x0000000701c00000| Untracked |  0
|  11|0x0000000701e00000, 0x0000000701e00000, 0x0000000702000000|  0%| F|  |TAMS 0x0000000701e00000| PB 0x0000000701e00000| Untracked |  0
|  12|0x0000000702000000, 0x0000000702000000, 0x0000000702200000|  0%| F|  |TAMS 0x0000000702000000| PB 0x0000000702000000| Untracked |  0
|  13|0x0000000702200000, 0x0000000702200000, 0x0000000702400000|  0%| F|  |TAMS 0x0000000702200000| PB 0x0000000702200000| Untracked |  0
|  14|0x0000000702400000, 0x0000000702400000, 0x0000000702600000|  0%| F|  |TAMS 0x0000000702400000| PB 0x0000000702400000| Untracked |  0
|  15|0x0000000702600000, 0x0000000702600000, 0x0000000702800000|  0%| F|  |TAMS 0x0000000702600000| PB 0x0000000702600000| Untracked |  0
|  16|0x0000000702800000, 0x0000000702800000, 0x0000000702a00000|  0%| F|  |TAMS 0x0000000702800000| PB 0x0000000702800000| Untracked |  0
|  17|0x0000000702a00000, 0x0000000702a00000, 0x0000000702c00000|  0%| F|  |TAMS 0x0000000702a00000| PB 0x0000000702a00000| Untracked |  0
|  18|0x0000000702c00000, 0x0000000702c00000, 0x0000000702e00000|  0%| F|  |TAMS 0x0000000702c00000| PB 0x0000000702c00000| Untracked |  0
|  19|0x0000000702e00000, 0x0000000702e00000, 0x0000000703000000|  0%| F|  |TAMS 0x0000000702e00000| PB 0x0000000702e00000| Untracked |  0
|  20|0x0000000703000000, 0x0000000703000000, 0x0000000703200000|  0%| F|  |TAMS 0x0000000703000000| PB 0x0000000703000000| Untracked |  0
|  21|0x0000000703200000, 0x0000000703200000, 0x0000000703400000|  0%| F|  |TAMS 0x0000000703200000| PB 0x0000000703200000| Untracked |  0
|  22|0x0000000703400000, 0x0000000703400000, 0x0000000703600000|  0%| F|  |TAMS 0x0000000703400000| PB 0x0000000703400000| Untracked |  0
|  23|0x0000000703600000, 0x0000000703600000, 0x0000000703800000|  0%| F|  |TAMS 0x0000000703600000| PB 0x0000000703600000| Untracked |  0
|  24|0x0000000703800000, 0x0000000703800000, 0x0000000703a00000|  0%| F|  |TAMS 0x0000000703800000| PB 0x0000000703800000| Untracked |  0
|  25|0x0000000703a00000, 0x0000000703a00000, 0x0000000703c00000|  0%| F|  |TAMS 0x0000000703a00000| PB 0x0000000703a00000| Untracked |  0
|  26|0x0000000703c00000, 0x0000000703c00000, 0x0000000703e00000|  0%| F|  |TAMS 0x0000000703c00000| PB 0x0000000703c00000| Untracked |  0
|  27|0x0000000703e00000, 0x0000000703e00000, 0x0000000704000000|  0%| F|  |TAMS 0x0000000703e00000| PB 0x0000000703e00000| Untracked |  0
|  28|0x0000000704000000, 0x0000000704000000, 0x0000000704200000|  0%| F|  |TAMS 0x0000000704000000| PB 0x0000000704000000| Untracked |  0
|  29|0x0000000704200000, 0x0000000704200000, 0x0000000704400000|  0%| F|  |TAMS 0x0000000704200000| PB 0x0000000704200000| Untracked |  0
|  30|0x0000000704400000, 0x0000000704400000, 0x0000000704600000|  0%| F|  |TAMS 0x0000000704400000| PB 0x0000000704400000| Untracked |  0
|  31|0x0000000704600000, 0x0000000704600000, 0x0000000704800000|  0%| F|  |TAMS 0x0000000704600000| PB 0x0000000704600000| Untracked |  0
|  32|0x0000000704800000, 0x0000000704800000, 0x0000000704a00000|  0%| F|  |TAMS 0x0000000704800000| PB 0x0000000704800000| Untracked |  0
|  33|0x0000000704a00000, 0x0000000704a00000, 0x0000000704c00000|  0%| F|  |TAMS 0x0000000704a00000| PB 0x0000000704a00000| Untracked |  0
|  34|0x0000000704c00000, 0x0000000704c00000, 0x0000000704e00000|  0%| F|  |TAMS 0x0000000704c00000| PB 0x0000000704c00000| Untracked |  0
|  35|0x0000000704e00000, 0x0000000704e00000, 0x0000000705000000|  0%| F|  |TAMS 0x0000000704e00000| PB 0x0000000704e00000| Untracked |  0
|  36|0x0000000705000000, 0x0000000705000000, 0x0000000705200000|  0%| F|  |TAMS 0x0000000705000000| PB 0x0000000705000000| Untracked |  0
|  37|0x0000000705200000, 0x0000000705200000, 0x0000000705400000|  0%| F|  |TAMS 0x0000000705200000| PB 0x0000000705200000| Untracked |  0
|  38|0x0000000705400000, 0x0000000705400000, 0x0000000705600000|  0%| F|  |TAMS 0x0000000705400000| PB 0x0000000705400000| Untracked |  0
|  39|0x0000000705600000, 0x0000000705600000, 0x0000000705800000|  0%| F|  |TAMS 0x0000000705600000| PB 0x0000000705600000| Untracked |  0
|  40|0x0000000705800000, 0x0000000705800000, 0x0000000705a00000|  0%| F|  |TAMS 0x0000000705800000| PB 0x0000000705800000| Untracked |  0
|  41|0x0000000705a00000, 0x0000000705a00000, 0x0000000705c00000|  0%| F|  |TAMS 0x0000000705a00000| PB 0x0000000705a00000| Untracked |  0
|  42|0x0000000705c00000, 0x0000000705c00000, 0x0000000705e00000|  0%| F|  |TAMS 0x0000000705c00000| PB 0x0000000705c00000| Untracked |  0
|  43|0x0000000705e00000, 0x0000000705e00000, 0x0000000706000000|  0%| F|  |TAMS 0x0000000705e00000| PB 0x0000000705e00000| Untracked |  0
|  44|0x0000000706000000, 0x0000000706000000, 0x0000000706200000|  0%| F|  |TAMS 0x0000000706000000| PB 0x0000000706000000| Untracked |  0
|  45|0x0000000706200000, 0x0000000706200000, 0x0000000706400000|  0%| F|  |TAMS 0x0000000706200000| PB 0x0000000706200000| Untracked |  0
|  46|0x0000000706400000, 0x0000000706400000, 0x0000000706600000|  0%| F|  |TAMS 0x0000000706400000| PB 0x0000000706400000| Untracked |  0
|  47|0x0000000706600000, 0x0000000706600000, 0x0000000706800000|  0%| F|  |TAMS 0x0000000706600000| PB 0x0000000706600000| Untracked |  0
|  48|0x0000000706800000, 0x0000000706800000, 0x0000000706a00000|  0%| F|  |TAMS 0x0000000706800000| PB 0x0000000706800000| Untracked |  0
|  49|0x0000000706a00000, 0x0000000706a00000, 0x0000000706c00000|  0%| F|  |TAMS 0x0000000706a00000| PB 0x0000000706a00000| Untracked |  0
|  50|0x0000000706c00000, 0x0000000706c00000, 0x0000000706e00000|  0%| F|  |TAMS 0x0000000706c00000| PB 0x0000000706c00000| Untracked |  0
|  51|0x0000000706e00000, 0x0000000706e00000, 0x0000000707000000|  0%| F|  |TAMS 0x0000000706e00000| PB 0x0000000706e00000| Untracked |  0
|  52|0x0000000707000000, 0x0000000707000000, 0x0000000707200000|  0%| F|  |TAMS 0x0000000707000000| PB 0x0000000707000000| Untracked |  0
|  53|0x0000000707200000, 0x0000000707200000, 0x0000000707400000|  0%| F|  |TAMS 0x0000000707200000| PB 0x0000000707200000| Untracked |  0
|  54|0x0000000707400000, 0x0000000707400000, 0x0000000707600000|  0%| F|  |TAMS 0x0000000707400000| PB 0x0000000707400000| Untracked |  0
|  55|0x0000000707600000, 0x0000000707600000, 0x0000000707800000|  0%| F|  |TAMS 0x0000000707600000| PB 0x0000000707600000| Untracked |  0
|  56|0x0000000707800000, 0x0000000707800000, 0x0000000707a00000|  0%| F|  |TAMS 0x0000000707800000| PB 0x0000000707800000| Untracked |  0
|  57|0x0000000707a00000, 0x0000000707a00000, 0x0000000707c00000|  0%| F|  |TAMS 0x0000000707a00000| PB 0x0000000707a00000| Untracked |  0
|  58|0x0000000707c00000, 0x0000000707c00000, 0x0000000707e00000|  0%| F|  |TAMS 0x0000000707c00000| PB 0x0000000707c00000| Untracked |  0
|  59|0x0000000707e00000, 0x0000000707e00000, 0x0000000708000000|  0%| F|  |TAMS 0x0000000707e00000| PB 0x0000000707e00000| Untracked |  0
|  60|0x0000000708000000, 0x0000000708000000, 0x0000000708200000|  0%| F|  |TAMS 0x0000000708000000| PB 0x0000000708000000| Untracked |  0
|  61|0x0000000708200000, 0x0000000708200000, 0x0000000708400000|  0%| F|  |TAMS 0x0000000708200000| PB 0x0000000708200000| Untracked |  0
|  62|0x0000000708400000, 0x0000000708400000, 0x0000000708600000|  0%| F|  |TAMS 0x0000000708400000| PB 0x0000000708400000| Untracked |  0
|  63|0x0000000708600000, 0x0000000708600000, 0x0000000708800000|  0%| F|  |TAMS 0x0000000708600000| PB 0x0000000708600000| Untracked |  0
|  64|0x0000000708800000, 0x0000000708800000, 0x0000000708a00000|  0%| F|  |TAMS 0x0000000708800000| PB 0x0000000708800000| Untracked |  0
|  65|0x0000000708a00000, 0x0000000708a00000, 0x0000000708c00000|  0%| F|  |TAMS 0x0000000708a00000| PB 0x0000000708a00000| Untracked |  0
|  66|0x0000000708c00000, 0x0000000708c00000, 0x0000000708e00000|  0%| F|  |TAMS 0x0000000708c00000| PB 0x0000000708c00000| Untracked |  0
|  67|0x0000000708e00000, 0x0000000708e00000, 0x0000000709000000|  0%| F|  |TAMS 0x0000000708e00000| PB 0x0000000708e00000| Untracked |  0
|  68|0x0000000709000000, 0x0000000709000000, 0x0000000709200000|  0%| F|  |TAMS 0x0000000709000000| PB 0x0000000709000000| Untracked |  0
|  69|0x0000000709200000, 0x0000000709200000, 0x0000000709400000|  0%| F|  |TAMS 0x0000000709200000| PB 0x0000000709200000| Untracked |  0
|  70|0x0000000709400000, 0x0000000709400000, 0x0000000709600000|  0%| F|  |TAMS 0x0000000709400000| PB 0x0000000709400000| Untracked |  0
|  71|0x0000000709600000, 0x0000000709600000, 0x0000000709800000|  0%| F|  |TAMS 0x0000000709600000| PB 0x0000000709600000| Untracked |  0
|  72|0x0000000709800000, 0x0000000709800000, 0x0000000709a00000|  0%| F|  |TAMS 0x0000000709800000| PB 0x0000000709800000| Untracked |  0
|  73|0x0000000709a00000, 0x0000000709a00000, 0x0000000709c00000|  0%| F|  |TAMS 0x0000000709a00000| PB 0x0000000709a00000| Untracked |  0
|  74|0x0000000709c00000, 0x0000000709c00000, 0x0000000709e00000|  0%| F|  |TAMS 0x0000000709c00000| PB 0x0000000709c00000| Untracked |  0
|  75|0x0000000709e00000, 0x0000000709e00000, 0x000000070a000000|  0%| F|  |TAMS 0x0000000709e00000| PB 0x0000000709e00000| Untracked |  0
|  76|0x000000070a000000, 0x000000070a000000, 0x000000070a200000|  0%| F|  |TAMS 0x000000070a000000| PB 0x000000070a000000| Untracked |  0
|  77|0x000000070a200000, 0x000000070a200000, 0x000000070a400000|  0%| F|  |TAMS 0x000000070a200000| PB 0x000000070a200000| Untracked |  0
|  78|0x000000070a400000, 0x000000070a400000, 0x000000070a600000|  0%| F|  |TAMS 0x000000070a400000| PB 0x000000070a400000| Untracked |  0
|  79|0x000000070a600000, 0x000000070a600000, 0x000000070a800000|  0%| F|  |TAMS 0x000000070a600000| PB 0x000000070a600000| Untracked |  0
|  80|0x000000070a800000, 0x000000070a800000, 0x000000070aa00000|  0%| F|  |TAMS 0x000000070a800000| PB 0x000000070a800000| Untracked |  0
|  81|0x000000070aa00000, 0x000000070aa00000, 0x000000070ac00000|  0%| F|  |TAMS 0x000000070aa00000| PB 0x000000070aa00000| Untracked |  0
|  82|0x000000070ac00000, 0x000000070ac00000, 0x000000070ae00000|  0%| F|  |TAMS 0x000000070ac00000| PB 0x000000070ac00000| Untracked |  0
|  83|0x000000070ae00000, 0x000000070ae00000, 0x000000070b000000|  0%| F|  |TAMS 0x000000070ae00000| PB 0x000000070ae00000| Untracked |  0
|  84|0x000000070b000000, 0x000000070b000000, 0x000000070b200000|  0%| F|  |TAMS 0x000000070b000000| PB 0x000000070b000000| Untracked |  0
|  85|0x000000070b200000, 0x000000070b200000, 0x000000070b400000|  0%| F|  |TAMS 0x000000070b200000| PB 0x000000070b200000| Untracked |  0
|  86|0x000000070b400000, 0x000000070b400000, 0x000000070b600000|  0%| F|  |TAMS 0x000000070b400000| PB 0x000000070b400000| Untracked |  0
|  87|0x000000070b600000, 0x000000070b600000, 0x000000070b800000|  0%| F|  |TAMS 0x000000070b600000| PB 0x000000070b600000| Untracked |  0
|  88|0x000000070b800000, 0x000000070b800000, 0x000000070ba00000|  0%| F|  |TAMS 0x000000070b800000| PB 0x000000070b800000| Untracked |  0
|  89|0x000000070ba00000, 0x000000070ba00000, 0x000000070bc00000|  0%| F|  |TAMS 0x000000070ba00000| PB 0x000000070ba00000| Untracked |  0
|  90|0x000000070bc00000, 0x000000070bc00000, 0x000000070be00000|  0%| F|  |TAMS 0x000000070bc00000| PB 0x000000070bc00000| Untracked |  0
|  91|0x000000070be00000, 0x000000070be00000, 0x000000070c000000|  0%| F|  |TAMS 0x000000070be00000| PB 0x000000070be00000| Untracked |  0
|  92|0x000000070c000000, 0x000000070c000000, 0x000000070c200000|  0%| F|  |TAMS 0x000000070c000000| PB 0x000000070c000000| Untracked |  0
|  93|0x000000070c200000, 0x000000070c200000, 0x000000070c400000|  0%| F|  |TAMS 0x000000070c200000| PB 0x000000070c200000| Untracked |  0
|  94|0x000000070c400000, 0x000000070c400000, 0x000000070c600000|  0%| F|  |TAMS 0x000000070c400000| PB 0x000000070c400000| Untracked |  0
|  95|0x000000070c600000, 0x000000070c600000, 0x000000070c800000|  0%| F|  |TAMS 0x000000070c600000| PB 0x000000070c600000| Untracked |  0
|  96|0x000000070c800000, 0x000000070c800000, 0x000000070ca00000|  0%| F|  |TAMS 0x000000070c800000| PB 0x000000070c800000| Untracked |  0
|  97|0x000000070ca00000, 0x000000070ca00000, 0x000000070cc00000|  0%| F|  |TAMS 0x000000070ca00000| PB 0x000000070ca00000| Untracked |  0
|  98|0x000000070cc00000, 0x000000070cc00000, 0x000000070ce00000|  0%| F|  |TAMS 0x000000070cc00000| PB 0x000000070cc00000| Untracked |  0
|  99|0x000000070ce00000, 0x000000070ce00000, 0x000000070d000000|  0%| F|  |TAMS 0x000000070ce00000| PB 0x000000070ce00000| Untracked |  0
| 100|0x000000070d000000, 0x000000070d000000, 0x000000070d200000|  0%| F|  |TAMS 0x000000070d000000| PB 0x000000070d000000| Untracked |  0
| 101|0x000000070d200000, 0x000000070d200000, 0x000000070d400000|  0%| F|  |TAMS 0x000000070d200000| PB 0x000000070d200000| Untracked |  0
| 102|0x000000070d400000, 0x000000070d400000, 0x000000070d600000|  0%| F|  |TAMS 0x000000070d400000| PB 0x000000070d400000| Untracked |  0
| 103|0x000000070d600000, 0x000000070d600000, 0x000000070d800000|  0%| F|  |TAMS 0x000000070d600000| PB 0x000000070d600000| Untracked |  0
| 104|0x000000070d800000, 0x000000070d800000, 0x000000070da00000|  0%| F|  |TAMS 0x000000070d800000| PB 0x000000070d800000| Untracked |  0
| 105|0x000000070da00000, 0x000000070da00000, 0x000000070dc00000|  0%| F|  |TAMS 0x000000070da00000| PB 0x000000070da00000| Untracked |  0
| 106|0x000000070dc00000, 0x000000070dc00000, 0x000000070de00000|  0%| F|  |TAMS 0x000000070dc00000| PB 0x000000070dc00000| Untracked |  0
| 107|0x000000070de00000, 0x000000070de00000, 0x000000070e000000|  0%| F|  |TAMS 0x000000070de00000| PB 0x000000070de00000| Untracked |  0
| 108|0x000000070e000000, 0x000000070e000000, 0x000000070e200000|  0%| F|  |TAMS 0x000000070e000000| PB 0x000000070e000000| Untracked |  0
| 109|0x000000070e200000, 0x000000070e200000, 0x000000070e400000|  0%| F|  |TAMS 0x000000070e200000| PB 0x000000070e200000| Untracked |  0
| 110|0x000000070e400000, 0x000000070e400000, 0x000000070e600000|  0%| F|  |TAMS 0x000000070e400000| PB 0x000000070e400000| Untracked |  0
| 111|0x000000070e600000, 0x000000070e600000, 0x000000070e800000|  0%| F|  |TAMS 0x000000070e600000| PB 0x000000070e600000| Untracked |  0
| 112|0x000000070e800000, 0x000000070e800000, 0x000000070ea00000|  0%| F|  |TAMS 0x000000070e800000| PB 0x000000070e800000| Untracked |  0
| 113|0x000000070ea00000, 0x000000070ea00000, 0x000000070ec00000|  0%| F|  |TAMS 0x000000070ea00000| PB 0x000000070ea00000| Untracked |  0
| 114|0x000000070ec00000, 0x000000070ec00000, 0x000000070ee00000|  0%| F|  |TAMS 0x000000070ec00000| PB 0x000000070ec00000| Untracked |  0
| 115|0x000000070ee00000, 0x000000070ee00000, 0x000000070f000000|  0%| F|  |TAMS 0x000000070ee00000| PB 0x000000070ee00000| Untracked |  0
| 116|0x000000070f000000, 0x000000070f000000, 0x000000070f200000|  0%| F|  |TAMS 0x000000070f000000| PB 0x000000070f000000| Untracked |  0
| 117|0x000000070f200000, 0x000000070f200000, 0x000000070f400000|  0%| F|  |TAMS 0x000000070f200000| PB 0x000000070f200000| Untracked |  0
| 118|0x000000070f400000, 0x000000070f400000, 0x000000070f600000|  0%| F|  |TAMS 0x000000070f400000| PB 0x000000070f400000| Untracked |  0
| 119|0x000000070f600000, 0x000000070f600000, 0x000000070f800000|  0%| F|  |TAMS 0x000000070f600000| PB 0x000000070f600000| Untracked |  0
| 120|0x000000070f800000, 0x000000070f800000, 0x000000070fa00000|  0%| F|  |TAMS 0x000000070f800000| PB 0x000000070f800000| Untracked |  0
| 121|0x000000070fa00000, 0x000000070fa00000, 0x000000070fc00000|  0%| F|  |TAMS 0x000000070fa00000| PB 0x000000070fa00000| Untracked |  0
| 122|0x000000070fc00000, 0x000000070fc00000, 0x000000070fe00000|  0%| F|  |TAMS 0x000000070fc00000| PB 0x000000070fc00000| Untracked |  0
| 123|0x000000070fe00000, 0x000000070fe00000, 0x0000000710000000|  0%| F|  |TAMS 0x000000070fe00000| PB 0x000000070fe00000| Untracked |  0
| 124|0x0000000710000000, 0x0000000710000000, 0x0000000710200000|  0%| F|  |TAMS 0x0000000710000000| PB 0x0000000710000000| Untracked |  0
| 125|0x0000000710200000, 0x0000000710200000, 0x0000000710400000|  0%| F|  |TAMS 0x0000000710200000| PB 0x0000000710200000| Untracked |  0
| 126|0x0000000710400000, 0x0000000710400000, 0x0000000710600000|  0%| F|  |TAMS 0x0000000710400000| PB 0x0000000710400000| Untracked |  0
| 127|0x0000000710600000, 0x00000007107ae2f0, 0x0000000710800000| 84%| E|  |TAMS 0x0000000710600000| PB 0x0000000710600000| Complete |  0

Card table byte_map: [0x000001f573930000,0x000001f574130000] _byte_map_base: 0x000001f57012c000

Marking Bits: (CMBitMap*) 0x000001f56aa57240
 Bits: [0x000001f574130000, 0x000001f578110000)

Polling page: 0x000001f5686c0000

Metaspace:

Usage:
  Non-class:    171.46 KB used.
      Class:      7.75 KB used.
       Both:    179.21 KB used.

Virtual space:
  Non-class space:       64.00 MB reserved,     256.00 KB ( <1%) committed,  1 nodes.
      Class space:        1.00 GB reserved,     128.00 KB ( <1%) committed,  1 nodes.
             Both:        1.06 GB reserved,     384.00 KB ( <1%) committed. 

Chunk freelists:
   Non-Class:  11.98 MB
       Class:  15.75 MB
        Both:  27.73 MB

MaxMetaspaceSize: unlimited
CompressedClassSpaceSize: 1.00 GB
Initial GC threshold: 21.00 MB
Current GC threshold: 21.00 MB
CDS: on
 - commit_granule_bytes: 65536.
 - commit_granule_words: 8192.
 - virtual_space_node_default_size: 8388608.
 - enlarge_chunks_in_place: 1.
 - use_allocation_guard: 0.


Internal statistics:

num_allocs_failed_limit: 0.
num_arena_births: 4.
num_arena_deaths: 0.
num_vsnodes_births: 2.
num_vsnodes_deaths: 0.
num_space_committed: 6.
num_space_uncommitted: 0.
num_chunks_returned_to_freelist: 0.
num_chunks_taken_from_freelist: 7.
num_chunk_merges: 0.
num_chunk_splits: 5.
num_chunks_enlarged: 2.
num_inconsistent_stats: 0.

CodeHeap 'non-profiled nmethods': size=120064Kb used=19Kb max_used=19Kb free=120045Kb
 bounds [0x000001f507ac0000, 0x000001f507d30000, 0x000001f50f000000]
CodeHeap 'profiled nmethods': size=120000Kb used=70Kb max_used=70Kb free=119929Kb
 bounds [0x000001f500000000, 0x000001f500270000, 0x000001f507530000]
CodeHeap 'non-nmethods': size=5696Kb used=1173Kb max_used=1173Kb free=4522Kb
 bounds [0x000001f507530000, 0x000001f5077a0000, 0x000001f507ac0000]
CodeCache: size=245760Kb, used=1262Kb, max_used=1262Kb, free=244496Kb
 total_blobs=385, nmethods=76, adapters=215, full_count=0
Compilation: enabled, stopped_count=0, restarted_count=0

Compilation events (20 events):
Event: 0.125 Thread 0x000001f554028560   65       3       java.util.HashSet::add (20 bytes)
Event: 0.125 Thread 0x000001f554028560 nmethod 65 0x000001f500010788 code [0x000001f5000108c0, 0x000001f500010a78]
Event: 0.125 Thread 0x000001f554028560   60       1       java.lang.module.ModuleDescriptor::isAutomatic (5 bytes)
Event: 0.125 Thread 0x000001f554028560 nmethod 60 0x000001f507ac3988 code [0x000001f507ac3aa0, 0x000001f507ac3b70]
Event: 0.125 Thread 0x000001f554028560   66       1       java.lang.module.ResolvedModule::configuration (5 bytes)
Event: 0.125 Thread 0x000001f554028560 nmethod 66 0x000001f507ac3c88 code [0x000001f507ac3da0, 0x000001f507ac3e70]
Event: 0.125 Thread 0x000001f554028560   68       1       java.lang.module.ModuleDescriptor$Exports::targets (5 bytes)
Event: 0.126 Thread 0x000001f554028560 nmethod 68 0x000001f507ac3f88 code [0x000001f507ac40a0, 0x000001f507ac4170]
Event: 0.126 Thread 0x000001f554028560   70       3       java.util.ImmutableCollections$Set12$1::next (95 bytes)
Event: 0.126 Thread 0x000001f554028560 nmethod 70 0x000001f500010b08 code [0x000001f500010c40, 0x000001f500010ec8]
Event: 0.126 Thread 0x000001f554028560   69       1       java.util.ImmutableCollections$Set12::isEmpty (2 bytes)
Event: 0.126 Thread 0x000001f554028560 nmethod 69 0x000001f507ac4288 code [0x000001f507ac43a0, 0x000001f507ac4468]
Event: 0.127 Thread 0x000001f554028560   73       3       java.lang.AbstractStringBuilder::ensureCapacityInternal (39 bytes)
Event: 0.128 Thread 0x000001f554028560 nmethod 73 0x000001f500010f08 code [0x000001f500011040, 0x000001f500011270]
Event: 0.128 Thread 0x000001f554028560   74       3       java.lang.AbstractStringBuilder::isLatin1 (19 bytes)
Event: 0.128 Thread 0x000001f554028560 nmethod 74 0x000001f500011288 code [0x000001f5000113a0, 0x000001f500011510]
Event: 0.128 Thread 0x000001f554028560   75       3       java.lang.String::isEmpty (14 bytes)
Event: 0.128 Thread 0x000001f554028560 nmethod 75 0x000001f500011588 code [0x000001f5000116a0, 0x000001f500011808]
Event: 0.130 Thread 0x000001f554028560   76       3       java.lang.StringUTF16::putChar (54 bytes)
Event: 0.130 Thread 0x000001f554028560 nmethod 76 0x000001f500011888 code [0x000001f5000119a0, 0x000001f500011af0]

GC Heap History (0 events):
No events

Dll operation events (2 events):
Event: 0.024 Loaded shared library C:\Program Files\Java\jdk-23\bin\java.dll
Event: 0.086 Loaded shared library C:\Program Files\Java\jdk-23\bin\jsvml.dll

Deoptimization events (0 events):
No events

Classes loaded (14 events):
Event: 0.079 Loading class sun/nio/cs/MS1251
Event: 0.080 Loading class sun/nio/cs/MS1251 done
Event: 0.080 Loading class sun/nio/cs/MS1251$Holder
Event: 0.080 Loading class sun/nio/cs/MS1251$Holder done
Event: 0.082 Loading class sun/nio/cs/IBM866
Event: 0.083 Loading class sun/nio/cs/IBM866 done
Event: 0.083 Loading class sun/nio/cs/IBM866$Holder
Event: 0.083 Loading class sun/nio/cs/IBM866$Holder done
Event: 0.127 Loading class jdk/internal/loader/URLClassPath$FileLoader
Event: 0.127 Loading class jdk/internal/loader/URLClassPath$FileLoader done
Event: 0.127 Loading class sun/nio/cs/UTF_8$Decoder
Event: 0.127 Loading class sun/nio/cs/UTF_8$Decoder done
Event: 0.128 Loading class jdk/internal/loader/URLClassPath$FileLoader$1
Event: 0.128 Loading class jdk/internal/loader/URLClassPath$FileLoader$1 done

Classes unloaded (0 events):
No events

Classes redefined (0 events):
No events

Internal exceptions (0 events):
No events

VM Operations (0 events):
No events

Memory protections (0 events):
No events

Nmethod flushes (0 events):
No events

Events (11 events):
Event: 0.058 Thread 0x000001f56875e3e0 Thread added: 0x000001f56875e3e0
Event: 0.084 Thread 0x000001f56875e3e0 Thread added: 0x000001f57a5e1130
Event: 0.084 Thread 0x000001f56875e3e0 Thread added: 0x000001f57a5e29a0
Event: 0.084 Thread 0x000001f56875e3e0 Thread added: 0x000001f57a5e7d40
Event: 0.084 Thread 0x000001f56875e3e0 Thread added: 0x000001f57a5e87a0
Event: 0.085 Thread 0x000001f56875e3e0 Thread added: 0x000001f57a5e9200
Event: 0.085 Thread 0x000001f56875e3e0 Thread added: 0x000001f57a5e9c60
Event: 0.085 Thread 0x000001f56875e3e0 Thread added: 0x000001f57a5ea9f0
Event: 0.096 Thread 0x000001f56875e3e0 Thread added: 0x000001f554028560
Event: 0.126 Thread 0x000001f56875e3e0 Thread added: 0x000001f554109e60
Event: 0.129 Thread 0x000001f56875e3e0 Thread added: 0x000001f55410f0f0


Dynamic libraries:
0x00007ff73a920000 - 0x00007ff73a930000 	C:\Program Files\Java\jdk-23\bin\java.exe
0x00007ff8e71f0000 - 0x00007ff8e73e8000 	C:\Windows\SYSTEM32\ntdll.dll
0x00007ff8e5200000 - 0x00007ff8e52c2000 	C:\Windows\System32\KERNEL32.DLL
0x00007ff8e4980000 - 0x00007ff8e4c7f000 	C:\Windows\System32\KERNELBASE.dll
0x00007ff8e4880000 - 0x00007ff8e4980000 	C:\Windows\System32\ucrtbase.dll
0x00007ff8b1ea0000 - 0x00007ff8b1eb7000 	C:\Program Files\Java\jdk-23\bin\jli.dll
0x00007ff8e7010000 - 0x00007ff8e71ad000 	C:\Windows\System32\USER32.dll
0x00007ff8e4d70000 - 0x00007ff8e4d92000 	C:\Windows\System32\win32u.dll
0x00007ff8e56c0000 - 0x00007ff8e56eb000 	C:\Windows\System32\GDI32.dll
0x00007ff8e4da0000 - 0x00007ff8e4eb7000 	C:\Windows\System32\gdi32full.dll
0x00007ff8e4ec0000 - 0x00007ff8e4f5d000 	C:\Windows\System32\msvcp_win.dll
0x00007ff8b1b80000 - 0x00007ff8b1b9b000 	C:\Program Files\Java\jdk-23\bin\VCRUNTIME140.dll
0x00007ff8d4cc0000 - 0x00007ff8d4f5a000 	C:\Windows\WinSxS\amd64_microsoft.windows.common-controls_6595b64144ccf1df_6.0.19041.4355_none_60b8b9eb71f62e16\COMCTL32.dll
0x00007ff8e53b0000 - 0x00007ff8e544e000 	C:\Windows\System32\msvcrt.dll
0x00007ff8e5770000 - 0x00007ff8e579f000 	C:\Windows\System32\IMM32.DLL
0x00007ff8b1e90000 - 0x00007ff8b1e9c000 	C:\Program Files\Java\jdk-23\bin\vcruntime140_1.dll
0x00007ff8a5b90000 - 0x00007ff8a5c1e000 	C:\Program Files\Java\jdk-23\bin\msvcp140.dll
0x00007ffff8c70000 - 0x00007ffff99bf000 	C:\Program Files\Java\jdk-23\bin\server\jvm.dll
0x00007ff8e5b10000 - 0x00007ff8e5bc1000 	C:\Windows\System32\ADVAPI32.dll
0x00007ff8e5a10000 - 0x00007ff8e5aaf000 	C:\Windows\System32\sechost.dll
0x00007ff8e5450000 - 0x00007ff8e5573000 	C:\Windows\System32\RPCRT4.dll
0x00007ff8e4cd0000 - 0x00007ff8e4cf7000 	C:\Windows\System32\bcrypt.dll
0x00007ff8e5c60000 - 0x00007ff8e5ccb000 	C:\Windows\System32\WS2_32.dll
0x00007ff8e3d70000 - 0x00007ff8e3dbb000 	C:\Windows\SYSTEM32\POWRPROF.dll
0x00007ff8d9df0000 - 0x00007ff8d9e17000 	C:\Windows\SYSTEM32\WINMM.dll
0x00007ff8deb50000 - 0x00007ff8deb5a000 	C:\Windows\SYSTEM32\VERSION.dll
0x00007ff8e3be0000 - 0x00007ff8e3bf2000 	C:\Windows\SYSTEM32\UMPDC.dll
0x00007ff8e2ba0000 - 0x00007ff8e2bb2000 	C:\Windows\SYSTEM32\kernel.appcore.dll
0x00007ff8b18c0000 - 0x00007ff8b18ca000 	C:\Program Files\Java\jdk-23\bin\jimage.dll
0x00007ff8dcb30000 - 0x00007ff8dcd14000 	C:\Windows\SYSTEM32\DBGHELP.DLL
0x00007ff8cfd20000 - 0x00007ff8cfd54000 	C:\Windows\SYSTEM32\dbgcore.DLL
0x00007ff8e5010000 - 0x00007ff8e5092000 	C:\Windows\System32\bcryptPrimitives.dll
0x00007ff8b1520000 - 0x00007ff8b153e000 	C:\Program Files\Java\jdk-23\bin\java.dll
0x00007ff8e6440000 - 0x00007ff8e656b000 	C:\Windows\System32\ole32.dll
0x00007ff8e6590000 - 0x00007ff8e68e5000 	C:\Windows\System32\combase.dll
0x00007ff8e5cd0000 - 0x00007ff8e643e000 	C:\Windows\System32\SHELL32.dll
0x00007ff8e23e0000 - 0x00007ff8e2b84000 	C:\Windows\SYSTEM32\windows.storage.dll
0x00007ff8e4280000 - 0x00007ff8e42af000 	C:\Windows\SYSTEM32\Wldp.dll
0x00007ff8e52d0000 - 0x00007ff8e539d000 	C:\Windows\System32\OLEAUT32.dll
0x00007ff8e57a0000 - 0x00007ff8e584d000 	C:\Windows\System32\SHCORE.dll
0x00007ff8e5ab0000 - 0x00007ff8e5b05000 	C:\Windows\System32\shlwapi.dll
0x00007ff8e47b0000 - 0x00007ff8e47d4000 	C:\Windows\SYSTEM32\profapi.dll
0x00007ff89c310000 - 0x00007ff89c3e7000 	C:\Program Files\Java\jdk-23\bin\jsvml.dll

dbghelp: loaded successfully - version: 4.0.5 - missing functions: none
symbol engine: initialized successfully - sym options: 0x614 - pdb path: .;C:\Program Files\Java\jdk-23\bin;C:\Windows\SYSTEM32;C:\Windows\WinSxS\amd64_microsoft.windows.common-controls_6595b64144ccf1df_6.0.19041.4355_none_60b8b9eb71f62e16;C:\Program Files\Java\jdk-23\bin\server

VM Arguments:
jvm_args: -Xverify:none 
java_command: __PROGRAM__
java_class_path (initial): .
Launcher Type: SUN_STANDARD

[Global flags]
     intx CICompilerCount                          = 3                                         {product} {ergonomic}
     uint ConcGCThreads                            = 1                                         {product} {ergonomic}
     uint G1ConcRefinementThreads                  = 4                                         {product} {ergonomic}
   size_t G1HeapRegionSize                         = 2097152                                   {product} {ergonomic}
   size_t InitialHeapSize                          = 268435456                                 {product} {ergonomic}
   size_t MarkStackSize                            = 4194304                                   {product} {ergonomic}
   size_t MarkStackSizeMax                         = 536870912                                 {product} {ergonomic}
   size_t MaxHeapSize                              = 4286578688                                {product} {ergonomic}
   size_t MaxNewSize                               = 2571108352                                {product} {ergonomic}
   size_t MinHeapDeltaBytes                        = 2097152                                   {product} {ergonomic}
   size_t MinHeapSize                              = 8388608                                   {product} {ergonomic}
    uintx NonNMethodCodeHeapSize                   = 5832704                                {pd product} {ergonomic}
    uintx NonProfiledCodeHeapSize                  = 122945536                              {pd product} {ergonomic}
    uintx ProfiledCodeHeapSize                     = 122880000                              {pd product} {ergonomic}
    uintx ReservedCodeCacheSize                    = 251658240                              {pd product} {ergonomic}
     bool SegmentedCodeCache                       = true                                      {product} {ergonomic}
   size_t SoftMaxHeapSize                          = 4286578688                             {manageable} {ergonomic}
     bool UseCompressedOops                        = true                           {product lp64_product} {ergonomic}
     bool UseG1GC                                  = true                                      {product} {ergonomic}
     bool UseLargePagesIndividualAllocation        = false                                  {pd product} {ergonomic}

Logging:
Log output configuration:
 #0: stdout all=warning uptime,level,tags foldmultilines=false
 #1: stderr all=off uptime,level,tags foldmultilines=false

Environment Variables:
CLASSPATH=E:\LINGO64_20\Lingo20.jar
PATH=C:\Program Files\Java\jdk-23\bin;C:\Program Files\Microsoft HPC Pack 2008 SDK\Bin\;C:\Program Files\Common Files\Oracle\Java\javapath;C:\Program Files\Microsoft\jdk-11.0.12.7-hotspot\bin;C:\Windows\system32;C:\Windows;C:\Windows\System32\Wbem;C:\Windows\System32\WindowsPowerShell\v1.0\;C:\Windows\System32\OpenSSH\;C:\Program Files\dotnet\;C;C;C:\Program Files\Git\cmd;C:\Program Files\Graphviz\bin;C:\Users\f2057\AppData\Local\Programs\Python\Python39;C:\Users\f2057\AppData\Local\Programs\Python\Python39\Scripts;E:\LINGO64_20\;C:\Program Files\nodejs\;C:\Program Files\Docker\Docker\resources\bin;C:\Program Files\Cloudflare\Cloudflare WARP\;C:\Program Files\Java\jdk-23\bin;C:\Program Files\MySQL\MySQL Shell 8.0\bin\;C:\Users\f2057\AppData\Local\Microsoft\WindowsApps;C:\Users\f2057\.dotnet\tools;C:\Users\f2057\AppData\Local\GitHubDesktop\bin;C:\Users\f2057\AppData\Local\Programs\Microsoft VS Code\bin;C:\Program Files\JetBrains\PyCharm Community Edition 2023.1.2\bin;;C:\Program Files\JetBrains\IntelliJ IDEA Community Edition 2023.2.1\bin;;C:\Users\f2057\AppData\Local\Programs\Python\Python39;C:\Program Files\JetBrains\CLion 2024.2.2\bin;;C:\Users\f2057\AppData\Local\Microsoft\WinGet\Packages\Schniz.fnm_Microsoft.Winget.Source_8wekyb3d8bbwe;C:\Users\f2057\AppData\Roaming\npm;
USERNAME=f2057
OS=Windows_NT
PROCESSOR_IDENTIFIER=Intel64 Family 6 Model 158 Stepping 11, GenuineIntel
TMP=C:\Users\f2057\AppData\Local\Temp
TEMP=C:\Users\f2057\AppData\Local\Temp




Periodic native trim disabled

---------------  S Y S T E M  ---------------

OS:
 Windows 10 , 64 bit Build 19041 (10.0.19041.5198)
OS uptime: 0 days 9:33 hours
Hyper-V role detected

CPU: total 4 (initial active 4) (4 cores per cpu, 1 threads per core) family 6 model 158 stepping 11 microcode 0xb4, cx8, cmov, fxsr, mmx, 3dnowpref, sse, sse2, sse3, ssse3, sse4.1, sse4.2, popcnt, lzcnt, tsc, tscinvbit, avx, avx2, aes, erms, clmul, bmi1, bmi2, adx, fma, vzeroupper, clflush, clflushopt, hv, rdtscp, f16c
Processor Information for the first 4 processors :
  Max Mhz: 3600, Current Mhz: 3600, Mhz Limit: 3600

Memory: 4k page, system-wide physical 16344M (3353M free)
TotalPageFile size 29707M (AvailPageFile size 3794M)
current process WorkingSet (physical memory assigned to process): 35M, peak: 35M
current process commit charge ("private bytes"): 332M, peak: 332M

vm_info: Java HotSpot(TM) 64-Bit Server VM (23.0.1+11-39) for windows-amd64 JRE (23.0.1+11-39), built on 2024-09-30T07:20:43Z with MS VC++ 17.6 (VS2022)

END.
