#
# A fatal error has been detected by the Java Runtime Environment:
#
#  EXCEPTION_ACCESS_VIOLATION (0xc0000005) at pc=0x00007ff975bc9e81, pid=22308, tid=23504
#
# JRE version: Java(TM) SE Runtime Environment (23.0.1+11) (build 23.0.1+11-39)
# Java VM: Java HotSpot(TM) 64-Bit Server VM (23.0.1+11-39, mixed mode, sharing, tiered, compressed oops, compressed class ptrs, g1 gc, windows-amd64)
# Problematic frame:
# V  [jvm.dll+0x739e81]
#
# No core dump will be written. Minidumps are not enabled by default on client versions of Windows
#
# If you would like to submit a bug report, please visit:
#   https://bugreport.java.com/bugreport/crash.jsp
#

---------------  S U M M A R Y ------------

Command Line: -Xverify:none __PROGRAM__

Host: Intel(R) Core(TM) i3-8100 CPU @ 3.60GHz, 4 cores, 15G,  Windows 10 , 64 bit Build 19041 (10.0.19041.5198)
Time: Sun Jan 19 15:57:39 2025  Windows 10 , 64 bit Build 19041 (10.0.19041.5198) elapsed time: 0.088064 seconds (0d 0h 0m 0s)

---------------  T H R E A D  ---------------

Current thread (0x000001e9a9f9bce0):  JavaThread "main"             [_thread_in_vm, id=23504, stack(0x0000002011b00000,0x0000002011c00000) (1024K)]

Stack: [0x0000002011b00000,0x0000002011c00000],  sp=0x0000002011bfe990,  free space=1018k
Native frames: (J=compiled Java code, j=interpreted, Vv=VM code, C=native code)
V  [jvm.dll+0x739e81]  (no source info available)
V  [jvm.dll+0x739b50]  (no source info available)
V  [jvm.dll+0x738a39]  (no source info available)
V  [jvm.dll+0x7398af]  (no source info available)
V  [jvm.dll+0x3c0f38]  (no source info available)
V  [jvm.dll+0x4751cd]  (no source info available)
V  [jvm.dll+0x480dbd]  (no source info available)
C  0x000001e9bbf3d207  (no source info available)

The last pc belongs to native method entry point (kind = native) (printed below).
Java frames: (J=compiled Java code, j=interpreted, Vv=VM code)
j  java.lang.Class.getDeclaredMethods0(Z)[Ljava/lang/reflect/Method;+0 java.base@23.0.1
j  java.lang.Class.privateGetDeclaredMethods(Z)[Ljava/lang/reflect/Method;+34 java.base@23.0.1
j  java.lang.Class.getMethodsRecursive(Ljava/lang/String;[Ljava/lang/Class;ZZ)Ljava/lang/PublicMethods$MethodList;+3 java.base@23.0.1
j  java.lang.Class.findMethod(ZLjava/lang/String;[Ljava/lang/Class;)Ljava/lang/reflect/Method;+5 java.base@23.0.1
j  java.lang.System$2.findMethod(Ljava/lang/Class;ZLjava/lang/String;[Ljava/lang/Class;)Ljava/lang/reflect/Method;+5 java.base@23.0.1
j  jdk.internal.misc.MethodFinder.findMainMethod(Ljava/lang/Class;)Ljava/lang/reflect/Method;+28 java.base@23.0.1
j  sun.launcher.LauncherHelper.validateMainMethod(Ljava/lang/Class;)V+3 java.base@23.0.1
j  sun.launcher.LauncherHelper.checkAndLoadMain(ZILjava/lang/String;)Ljava/lang/Class;+80 java.base@23.0.1
v  ~StubRoutines::call_stub 0x000001e9bbf30fcd

siginfo: EXCEPTION_ACCESS_VIOLATION (0xc0000005), reading address 0x000001ea0c410003


Registers:
RAX=0x000001ea0c400000, RBX=0x000001ea0c4002b7, RCX=0x000000000000ffff, RDX=0x000000000000ffff
RSP=0x0000002011bfe990, RBP=0x0000002011bfea21, RSI=0x000001ea0c4002b7, RDI=0x0000000000000000
R8 =0x0000000000000001, R9 =0x0000000000000000, R10=0x0000000000000000, R11=0x000001e9a9f9bce0
R12=0x0000000000000000, R13=0x0000002011bfed20, R14=0x000001ea0c4002c0, R15=0x0000000000000003
RIP=0x00007ff975bc9e81, EFLAGS=0x0000000000010247


Register to memory mapping:

RAX=0x000001ea0c400000 is pointing into metadata
RBX=0x000001ea0c4002b7 is pointing into metadata
RCX=0x000000000000ffff is an unknown value
RDX=0x000000000000ffff is an unknown value
RSP=0x0000002011bfe990 is pointing into the stack for thread: 0x000001e9a9f9bce0
RBP=0x0000002011bfea21 is pointing into the stack for thread: 0x000001e9a9f9bce0
RSI=0x000001ea0c4002b7 is pointing into metadata
RDI=0x0 is null
R8 =0x0000000000000001 is an unknown value
R9 =0x0 is null
R10=0x0 is null
R11=0x000001e9a9f9bce0 is a thread
R12=0x0 is null
R13=0x0000002011bfed20 is pointing into the stack for thread: 0x000001e9a9f9bce0
R14={method} {0x000001ea0c4002c8} 'main' '([Ljava/lang/String;)V' in '__PROGRAM__'
R15=0x0000000000000003 is an unknown value

Top of Stack: (sp=0x0000002011bfe990)
0x0000002011bfe990:   000001ea0c400040 0000002011bfea21
0x0000002011bfe9a0:   000001ea0c400297 0000000000000100
0x0000002011bfe9b0:   000000000000003e 0000002500000037
0x0000002011bfe9c0:   0000000000000000 00007ff975bc8f9f
0x0000002011bfe9d0:   000001e9cc000800 000001ea0c400040
0x0000002011bfe9e0:   000001e9a9f9bce0 00007ff97567be90
0x0000002011bfe9f0:   0000000000000032 00007ff975bc9430
0x0000002011bfea00:   001b002300000001 0000000800000074
0x0000002011bfea10:   0000000000000000 00007ff911bf0000
0x0000002011bfea20:   000001ea0c400040 000001e9a9f9bce0
0x0000002011bfea30:   000001ea0c400040 000001ea0c400280
0x0000002011bfea40:   000001e9a9f9c738 0000002011bfed20
0x0000002011bfea50:   000001e9a9f9bce0 000001e9a9f9bce0
0x0000002011bfea60:   0000000000000000 00000000000003d8
0x0000002011bfea70:   0000002011bfeaf8 00007ff975bc9b50
0x0000002011bfea80:   0000000000000000 000001e9a9f9bce0
0x0000002011bfea90:   0000000000000300 0000000000000000
0x0000002011bfeaa0:   0000002011bfeb20 0000000000000000
0x0000002011bfeab0:   000001e9a9f9bce0 0000000000000000
0x0000002011bfeac0:   000001e9cb496b08 000001e9cb496b08
0x0000002011bfead0:   000001e9a9f9bce0 00007ff975797478
0x0000002011bfeae0:   000001ea0c400238 00007ff975833310
0x0000002011bfeaf0:   000000000000000d 000001e9cc000800
0x0000002011bfeb00:   0000002011bfed20 0000000000000032
0x0000002011bfeb10:   0000002011bfec20 00007ff975bc8a39
0x0000002011bfeb20:   0000000000000000 0000000000000019
0x0000002011bfeb30:   000001e9a9f9c350 000001e9a9f9c360
0x0000002011bfeb40:   000001e9a9f9c738 00000000000003d8
0x0000002011bfeb50:   000001e9cb214ef8 000001e9cb214ef8
0x0000002011bfeb60:   000001e9cb6873f0 000001e9cb6873f4
0x0000002011bfeb70:   0000002c00000000 000001e900000008
0x0000002011bfeb80:   000001e9cb83cda0 000001e9a9f9bce0 

Instructions: (pc=0x00007ff975bc9e81)
0x00007ff975bc9d81:   00 00 00 74 04 8b cb eb 14 48 8b d6 49 8b ce e8
0x00007ff975bc9d91:   5b 12 a1 ff 8b c8 48 8d 15 62 62 8c ff 81 f9 ee
0x00007ff975bc9da1:   00 00 00 77 12 48 63 c1 44 0f b6 bc 10 c0 25 9c
0x00007ff975bc9db1:   00 41 83 e7 0f 7f 15 45 33 c0 48 8b d6 e8 4d 13
0x00007ff975bc9dc1:   a1 ff 44 8b f8 48 8d 15 33 62 8c ff 44 0f b6 4d
0x00007ff975bc9dd1:   77 8b 4d 8f 44 8b 45 93 44 0f b6 55 6f 4c 8b 5d
0x00007ff975bc9de1:   67 81 fb c4 00 00 00 75 0c 0f b6 5e 01 bf 01 00
0x00007ff975bc9df1:   00 00 44 8b e7 45 85 ff 0f 8e 81 05 00 00 83 c3
0x00007ff975bc9e01:   ee 81 fb d7 00 00 00 0f 87 d7 04 00 00 48 63 c3
0x00007ff975bc9e11:   0f b6 84 02 d0 a3 73 00 8b 8c 82 a0 a3 73 00 48
0x00007ff975bc9e21:   03 ca ff e1 80 3e ca 75 0b 48 8b d6 49 8b ce e8
0x00007ff975bc9e31:   bb 11 a1 ff 48 8d 46 08 48 83 e0 fc 8b 08 0f c9
0x00007ff975bc9e41:   83 f9 05 0f 9d c0 04 e4 88 06 44 0f b6 55 6f e9
0x00007ff975bc9e51:   8d 04 00 00 c6 06 ab e9 85 04 00 00 44 8d 47 01
0x00007ff975bc9e61:   4a 8d 1c 26 45 84 c9 0f 85 82 00 00 00 49 8b 45
0x00007ff975bc9e71:   08 0f b7 53 01 66 c1 ca 08 0f b7 ca 48 8b 40 08
0x00007ff975bc9e81:   0f b6 44 08 04 3c 0b 75 63 45 33 e4 66 89 55 d7
0x00007ff975bc9e91:   48 8d 55 c7 4c 89 65 c7 49 8d 8d d8 00 00 00 44
0x00007ff975bc9ea1:   89 65 d9 66 44 89 65 dd 4c 89 65 cf e8 de f2 ff
0x00007ff975bc9eb1:   ff 41 0f b7 85 a4 00 00 00 44 0f b6 55 6f 66 89
0x00007ff975bc9ec1:   43 01 41 8b 8d a4 00 00 00 ff c1 0f b7 c1 3b c8
0x00007ff975bc9ed1:   41 89 8d a4 00 00 00 8b 4d 8f 0f 84 07 04 00 00
0x00007ff975bc9ee1:   48 8b 45 7f c6 00 01 e9 fb 03 00 00 45 33 c9 48
0x00007ff975bc9ef1:   8b d6 49 8b cd e8 35 fd ff ff 44 0f b6 55 6f e9
0x00007ff975bc9f01:   dd 03 00 00 45 84 c9 0f 85 94 01 00 00 49 8b 46
0x00007ff975bc9f11:   08 41 0f b7 7c 34 01 66 c1 cf 08 48 8b 58 08 48
0x00007ff975bc9f21:   8b 43 18 48 89 45 af 48 89 5d b7 4c 89 5d bf 48
0x00007ff975bc9f31:   85 db 74 18 49 8b 8b 30 03 00 00 48 8d 55 0f 48
0x00007ff975bc9f41:   89 5d 0f e8 17 14 8d ff 48 8b 5d b7 0f b7 ff 48
0x00007ff975bc9f51:   8b cb 8b d7 89 7d 9b e8 c3 f0 b2 ff 0f b7 d0 48
0x00007ff975bc9f61:   8b cb e8 08 ec b2 ff 48 8b 4d af 48 39 41 18 0f
0x00007ff975bc9f71:   85 16 01 00 00 48 8b 5d b7 8b d7 48 8b cb e8 6c 


Stack slot to memory mapping:

stack at sp + 0 slots: 0x000001ea0c400040 is pointing into metadata
stack at sp + 1 slots: 0x0000002011bfea21 is pointing into the stack for thread: 0x000001e9a9f9bce0
stack at sp + 2 slots: 0x000001ea0c400297 is pointing into metadata
stack at sp + 3 slots: 0x0000000000000100 is an unknown value
stack at sp + 4 slots: 0x000000000000003e is an unknown value
stack at sp + 5 slots: 0x0000002500000037 is an unknown value
stack at sp + 6 slots: 0x0 is null
stack at sp + 7 slots: 0x00007ff975bc8f9f jvm.dll

Lock stack of current Java thread (top to bottom):
LockStack[0]: [I 
{0x0000000710725710} - klass: {type array int}
 - length: 0

native method entry point (kind = native)  [0x000001e9bbf3cde0, 0x000001e9bbf3d938]  2904 bytes
[MachCode]
  0x000001e9bbf3cde0: 488b 4b08 | 0fb7 492e | 584c 8d74 | ccf8 6800 | 0000 0068 | 0000 0000 | 5055 488b | ec41 5568 
  0x000001e9bbf3ce00: 0000 0000 | 4c8b 6b08 | 4d8d 6d38 | 5348 8b53 | 0848 8b52 | 0848 8b52 | 1848 8b52 | 7048 8b12 
  0x000001e9bbf3ce20: 5248 8b53 | 1048 85d2 | 0f84 0700 | 0000 4881 | c210 0100 | 0052 488b | 5308 488b | 5208 488b 
  0x000001e9bbf3ce40: 5210 5249 | 8bc6 482b | c548 c1e8 | 0350 6800 | 0000 0068 | f7ff ffff | 41c6 8771 | 0400 0001 
  0x000001e9bbf3ce60: 488b 4310 | 4885 c074 | 208b 88cc | 0000 0083 | c102 8988 | cc00 0000 | 2388 e000 | 0000 0f84 
  0x000001e9bbf3ce80: 000a 0000 | e9cf 0000 | 0048 8b43 | 1848 85c0 | 0f85 b000 | 0000 e805 | 0000 00e9 | 9900 0000 
  0x000001e9bbf3cea0: 488b d348 | 8d44 2408 | 4c89 6dc0 | 498b cfc5 | f877 4989 | afb0 0300 | 0049 8987 | a003 0000 
  0x000001e9bbf3cec0: 4883 ec20 | 40f6 c40f | 0f84 1900 | 0000 4883 | ec08 48b8 | 9026 8675 | f97f 0000 | ffd0 4883 
  0x000001e9bbf3cee0: c408 e90c | 0000 0048 | b890 2686 | 75f9 7f00 | 00ff d048 | 83c4 2049 | c787 a003 | 0000 0000 
  0x000001e9bbf3cf00: 0000 49c7 | 87b0 0300 | 0000 0000 | 0049 c787 | a803 0000 | 0000 0000 | c5f8 7749 | 837f 0800 
  0x000001e9bbf3cf20: 0f84 0500 | 0000 e995 | 3fff ff4c | 8b6d c04c | 8b75 c84e | 8d74 f500 | c348 8b43 | 1848 85c0 
  0x000001e9bbf3cf40: 0f84 1200 | 0000 8b48 | 0883 c102 | 8948 0823 | 481c 0f84 | 2c09 0000 | 493b a7e8 | 0400 000f 
  0x000001e9bbf3cf60: 8748 0000 | 0089 8424 | 00f0 ffff | 8984 2400 | e0ff ff89 | 8424 00d0 | ffff 8984 | 2400 c0ff 
  0x000001e9bbf3cf80: ff89 8424 | 00b0 ffff | 8984 2400 | a0ff ff89 | 8424 0090 | ffff 8984 | 2400 80ff | ff49 3ba7 
  0x000001e9bbf3cfa0: e004 0000 | 7607 4989 | a7e8 0400 | 0041 c687 | 7104 0000 | 0049 ba41 | ad0d 76f9 | 7f00 0041 
  0x000001e9bbf3cfc0: 803a 000f | 843e 0000 | 0048 8b55 | e849 8bcf | 4883 ec20 | 40f6 c40f | 0f84 1900 | 0000 4883 
  0x000001e9bbf3cfe0: ec08 48b8 | 10ee bd75 | f97f 0000 | ffd0 4883 | c408 e90c | 0000 0048 | b810 eebd | 75f9 7f00 
  0x000001e9bbf3d000: 00ff d048 | 83c4 2048 | 8b5d e84c | 8b5b 0845 | 0fb7 5b2e | 41c1 e303 | 492b e348 | 83ec 2048 
  0x000001e9bbf3d020: 83e4 f04c | 8b5b 604d | 85db 0f85 | ab00 0000 | e805 0000 | 00e9 9900 | 0000 488b | d348 8d44 
  0x000001e9bbf3d040: 2408 4c89 | 6dc0 498b | cfc5 f877 | 4989 afb0 | 0300 0049 | 8987 a003 | 0000 4883 | ec20 40f6 
  0x000001e9bbf3d060: c40f 0f84 | 1900 0000 | 4883 ec08 | 48b8 f04d | 8675 f97f | 0000 ffd0 | 4883 c408 | e90c 0000 
  0x000001e9bbf3d080: 0048 b8f0 | 4d86 75f9 | 7f00 00ff | d048 83c4 | 2049 c787 | a003 0000 | 0000 0000 | 49c7 87b0 
  0x000001e9bbf3d0a0: 0300 0000 | 0000 0049 | c787 a803 | 0000 0000 | 0000 c5f8 | 7749 837f | 0800 0f84 | 0500 0000 
  0x000001e9bbf3d0c0: e9fb 3dff | ff4c 8b6d | c04c 8b75 | c84e 8d74 | f500 c348 | 8b5d e84c | 8b5b 6041 | ffd3 488b 
  0x000001e9bbf3d0e0: 5de8 4889 | 4518 448b | 5b28 41f6 | c308 0f84 | 1b00 0000 | 4c8b 5b08 | 4d8b 5b08 | 4d8b 5b18 
  0x000001e9bbf3d100: 4d8b 5b70 | 4d8b 1b4c | 895d 1048 | 8d55 1048 | 8b43 5849 | ba60 3cbe | 75f9 7f00 | 0049 3bc2 
  0x000001e9bbf3d120: 0f85 ab00 | 0000 e805 | 0000 00e9 | 9900 0000 | 488b d348 | 8d44 2408 | 4c89 6dc0 | 498b cfc5 
  0x000001e9bbf3d140: f877 4989 | afb0 0300 | 0049 8987 | a003 0000 | 4883 ec20 | 40f6 c40f | 0f84 1900 | 0000 4883 
  0x000001e9bbf3d160: ec08 48b8 | f04d 8675 | f97f 0000 | ffd0 4883 | c408 e90c | 0000 0048 | b8f0 4d86 | 75f9 7f00 
  0x000001e9bbf3d180: 00ff d048 | 83c4 2049 | c787 a003 | 0000 0000 | 0000 49c7 | 87b0 0300 | 0000 0000 | 0049 c787 
  0x000001e9bbf3d1a0: a803 0000 | 0000 0000 | c5f8 7749 | 837f 0800 | 0f84 0500 | 0000 e905 | 3dff ff4c | 8b6d c04c 
  0x000001e9bbf3d1c0: 8b75 c84e | 8d74 f500 | c348 8b5d | e848 8b43 | 5849 8d8f | c003 0000 | c5f8 7749 | 89af b003 
  0x000001e9bbf3d1e0: 0000 49ba | d8d1 f3bb | e901 0000 | 4d89 97a8 | 0300 0049 | 89a7 a003 | 0000 41c7 | 8744 0400 
  0x000001e9bbf3d200: 0004 0000 | 00ff d0c5 | f877 4883 | ec10 c5fb | 1104 2448 | 83ec 1048 | 8904 2448 | c744 2408 
  0x000001e9bbf3d220: 0000 0000 | 41c7 8744 | 0400 0005 | 0000 00f0 | 8344 24c0 | 0049 3baf | 4804 0000 | 0f87 0e00 
  0x000001e9bbf3d240: 0000 4183 | bf40 0400 | 0000 0f84 | 2000 0000 | 498b cf4c | 8be4 4883 | ec20 4883 | e4f0 48b8 
  0x000001e9bbf3d260: 90a9 8775 | f97f 0000 | ffd0 498b | e44d 33e4 | 41c7 8744 | 0400 0008 | 0000 0049 | c787 a003 
  0x000001e9bbf3d280: 0000 0000 | 0000 49c7 | 87b0 0300 | 0000 0000 | 0049 c787 | a803 0000 | 0000 0000 | c5f8 774d 
  0x000001e9bbf3d2a0: 8b9f 3004 | 0000 41c7 | 8300 0100 | 0000 0000 | 0049 bbda | a5f3 bbe9 | 0100 004c | 3b5d 180f 
  0x000001e9bbf3d2c0: 8524 0200 | 0048 8b04 | 2448 83c4 | 1048 85c0 | 0f84 fe01 | 0000 a803 | 0f85 0800 | 0000 488b 
  0x000001e9bbf3d2e0: 00e9 ee01 | 0000 a801 | 0f85 0900 | 0000 488b | 40fe e9dd | 0100 0048 | 8b40 ff41 | 807f 3800 
  0x000001e9bbf3d300: 0f84 ce01 | 0000 4883 | f800 0f84 | c401 0000 | 4d8b 5f28 | 4983 fb00 | 0f84 1400 | 0000 4983 
  0x000001e9bbf3d320: eb08 4d89 | 5f28 4d03 | 5f30 4989 | 03e9 a201 | 0000 4881 | ecd0 0000 | 0048 8904 | 2448 894c 
  0x000001e9bbf3d340: 2408 4889 | 5424 1048 | 8974 2418 | 4889 7c24 | 204c 8944 | 2428 4c89 | 4c24 304c | 8954 2438 
  0x000001e9bbf3d360: 4c89 5c24 | 40c5 fb11 | 4424 50c5 | fb11 4c24 | 58c5 fb11 | 5424 60c5 | fb11 5c24 | 68c5 fb11 
  0x000001e9bbf3d380: 6424 70c5 | fb11 6c24 | 78c5 fb11 | b424 8000 | 0000 c5fb | 11bc 2488 | 0000 00c5 | 7b11 8424 
  0x000001e9bbf3d3a0: 9000 0000 | c57b 118c | 2498 0000 | 00c5 7b11 | 9424 a000 | 0000 c57b | 119c 24a8 | 0000 00c5 
  0x000001e9bbf3d3c0: 7b11 a424 | b000 0000 | c57b 11ac | 24b8 0000 | 00c5 7b11 | b424 c000 | 0000 c57b | 11bc 24c8 
  0x000001e9bbf3d3e0: 0000 0049 | 8bd7 488b | c848 83ec | 2040 f6c4 | 0f0f 8419 | 0000 0048 | 83ec 0848 | b8e0 077b 
  0x000001e9bbf3d400: 75f9 7f00 | 00ff d048 | 83c4 08e9 | 0c00 0000 | 48b8 e007 | 7b75 f97f | 0000 ffd0 | 4883 c420 
  0x000001e9bbf3d420: c57b 10bc | 24c8 0000 | 00c5 7b10 | b424 c000 | 0000 c57b | 10ac 24b8 | 0000 00c5 | 7b10 a424 
  0x000001e9bbf3d440: b000 0000 | c57b 109c | 24a8 0000 | 00c5 7b10 | 9424 a000 | 0000 c57b | 108c 2498 | 0000 00c5 
  0x000001e9bbf3d460: 7b10 8424 | 9000 0000 | c5fb 10bc | 2488 0000 | 00c5 fb10 | b424 8000 | 0000 c5fb | 106c 2478 
  0x000001e9bbf3d480: c5fb 1064 | 2470 c5fb | 105c 2468 | c5fb 1054 | 2460 c5fb | 104c 2458 | c5fb 1044 | 2450 4c8b 
  0x000001e9bbf3d4a0: 5c24 404c | 8b54 2438 | 4c8b 4c24 | 304c 8b44 | 2428 488b | 7c24 2048 | 8b74 2418 | 488b 5424 
  0x000001e9bbf3d4c0: 1048 8b4c | 2408 488b | 0424 4881 | c4d0 0000 | 00c5 f877 | 4889 4510 | 4883 ec10 | 4889 0424 
  0x000001e9bbf3d4e0: 48c7 4424 | 0800 0000 | 0041 83bf | c804 0000 | 020f 85bf | 0000 0048 | 81ec 8000 | 0000 4889 
  0x000001e9bbf3d500: 4424 7848 | 894c 2470 | 4889 5424 | 6848 895c | 2460 4889 | 6c24 5048 | 8974 2448 | 4889 7c24 
  0x000001e9bbf3d520: 404c 8944 | 2438 4c89 | 4c24 304c | 8954 2428 | 4c89 5c24 | 204c 8964 | 2418 4c89 | 6c24 104c 
  0x000001e9bbf3d540: 8974 2408 | 4c89 3c24 | 4c8b e448 | 83ec 2048 | 83e4 f048 | b8c0 22be | 75f9 7f00 | 00ff d049 
  0x000001e9bbf3d560: 8be4 4c8b | 3c24 4c8b | 7424 084c | 8b6c 2410 | 4c8b 6424 | 184c 8b5c | 2420 4c8b | 5424 284c 
  0x000001e9bbf3d580: 8b4c 2430 | 4c8b 4424 | 3848 8b7c | 2440 488b | 7424 4848 | 8b6c 2450 | 488b 5c24 | 6048 8b54 
  0x000001e9bbf3d5a0: 2468 488b | 4c24 7048 | 8b44 2478 | 4881 c480 | 0000 004d | 33e4 488b | 5de8 4c8b | 6b08 4d8d 
  0x000001e9bbf3d5c0: 6d38 4983 | 7f08 000f | 84bb 0000 | 00e8 0500 | 0000 e996 | 0000 0048 | 8d44 2408 | 4c89 6dc0 
  0x000001e9bbf3d5e0: 498b cfc5 | f877 4989 | afb0 0300 | 0049 8987 | a003 0000 | 4883 ec20 | 40f6 c40f | 0f84 1900 
  0x000001e9bbf3d600: 0000 4883 | ec08 48b8 | 006c 8675 | f97f 0000 | ffd0 4883 | c408 e90c | 0000 0048 | b800 6c86 
  0x000001e9bbf3d620: 75f9 7f00 | 00ff d048 | 83c4 2049 | c787 a003 | 0000 0000 | 0000 49c7 | 87b0 0300 | 0000 0000 
  0x000001e9bbf3d640: 0049 c787 | a803 0000 | 0000 0000 | c5f8 7749 | 837f 0800 | 0f84 0500 | 0000 e961 | 38ff ff4c 
  0x000001e9bbf3d660: 8b6d c04c | 8b75 c84e | 8d74 f500 | c348 b940 | d5e5 75f9 | 7f00 0048 | 83e4 f048 | b870 4aac 
  0x000001e9bbf3d680: 75f9 7f00 | 00ff d0f4 | 448b 5b28 | 41f6 c320 | 0f84 7901 | 0000 488d | 55a8 4c8b | 5a08 4d85 
  0x000001e9bbf3d6a0: db0f 85bb | 0000 00e8 | 0500 0000 | e996 0000 | 0048 8d44 | 2408 4c89 | 6dc0 498b | cfc5 f877 
  0x000001e9bbf3d6c0: 4989 afb0 | 0300 0049 | 8987 a003 | 0000 4883 | ec20 40f6 | c40f 0f84 | 1900 0000 | 4883 ec08 
  0x000001e9bbf3d6e0: 48b8 306b | 8675 f97f | 0000 ffd0 | 4883 c408 | e90c 0000 | 0048 b830 | 6b86 75f9 | 7f00 00ff 
  0x000001e9bbf3d700: d048 83c4 | 2049 c787 | a003 0000 | 0000 0000 | 49c7 87b0 | 0300 0000 | 0000 0049 | c787 a803 
  0x000001e9bbf3d720: 0000 0000 | 0000 c5f8 | 7749 837f | 0800 0f84 | 0500 0000 | e987 37ff | ff4c 8b6d | c04c 8b75 
  0x000001e9bbf3d740: c84e 8d74 | f500 c348 | b940 d5e5 | 75f9 7f00 | 0048 83e4 | f048 b870 | 4aac 75f9 | 7f00 00ff 
  0x000001e9bbf3d760: d0f4 4c89 | 6dc0 4c8b | 4a08 48c7 | 4208 0000 | 0000 458b | 8718 0600 | 004f 3b4c | 07f8 0f85 
  0x000001e9bbf3d780: 4900 0000 | 4183 af18 | 0600 0008 | 4f3b 4c07 | f00f 842a | 0000 0049 | 8b01 a802 | 0f85 1200 
  0x000001e9bbf3d7a0: 0000 4c8b | c049 83c8 | 01f0 4d0f | b101 0f84 | 0d00 0000 | 4183 8718 | 0600 0008 | e90c 0000 
  0x000001e9bbf3d7c0: 0049 ff8f | 5005 0000 | e93e 0000 | 004c 894a | 0848 8bca | 4883 ec20 | 40f6 c40f | 0f84 1900 
  0x000001e9bbf3d7e0: 0000 4883 | ec08 48b8 | f03d 8675 | f97f 0000 | ffd0 4883 | c408 e90c | 0000 0048 | b8f0 3d86 
  0x000001e9bbf3d800: 75f9 7f00 | 00ff d048 | 83c4 204c | 8b6d c049 | ba41 ad0d | 76f9 7f00 | 0041 803a | 000f 843e 
  0x000001e9bbf3d820: 0000 0048 | 8b55 e849 | 8bcf 4883 | ec20 40f6 | c40f 0f84 | 1900 0000 | 4883 ec08 | 48b8 10ee 
  0x000001e9bbf3d840: bd75 f97f | 0000 ffd0 | 4883 c408 | e90c 0000 | 0048 b810 | eebd 75f9 | 7f00 00ff | d048 83c4 
  0x000001e9bbf3d860: 2048 8b04 | 2448 83c4 | 10c5 fb10 | 0424 4883 | c410 4c8b | 5d18 41ff | d34c 8b5d | f8c9 5f49 
  0x000001e9bbf3d880: 8be3 ffe7 | ba00 0000 | 00e8 0500 | 0000 e996 | 0000 0048 | 8d44 2408 | 4c89 6dc0 | 498b cfc5 
  0x000001e9bbf3d8a0: f877 4989 | afb0 0300 | 0049 8987 | a003 0000 | 4883 ec20 | 40f6 c40f | 0f84 1900 | 0000 4883 
  0x000001e9bbf3d8c0: ec08 48b8 | a031 8675 | f97f 0000 | ffd0 4883 | c408 e90c | 0000 0048 | b8a0 3186 | 75f9 7f00 
  0x000001e9bbf3d8e0: 00ff d048 | 83c4 2049 | c787 a003 | 0000 0000 | 0000 49c7 | 87b0 0300 | 0000 0000 | 0049 c787 
  0x000001e9bbf3d900: a803 0000 | 0000 0000 | c5f8 7749 | 837f 0800 | 0f84 0500 | 0000 e9a5 | 35ff ff4c | 8b6d c04c 
  0x000001e9bbf3d920: 8b75 c84e | 8d74 f500 | c348 8b5d | e8e9 26f6 | ffff 660f | 1f44 0000 
[/MachCode]

---------------  P R O C E S S  ---------------

Threads class SMR info:
_java_thread_list=0x000001ea100d5f50, length=11, elements={
0x000001e9a9f9bce0, 0x000001e9caeb7320, 0x000001e9caeb8240, 0x000001e9caebaf50,
0x000001e9caebdd40, 0x000001e9caec0f90, 0x000001e9caec5a00, 0x000001e9caeca220,
0x000001e9caecd820, 0x000001ea100ff000, 0x000001ea100ffd20
}

Java Threads: ( => current thread )
=>0x000001e9a9f9bce0 JavaThread "main"                              [_thread_in_vm, id=23504, stack(0x0000002011b00000,0x0000002011c00000) (1024K)]
  0x000001e9caeb7320 JavaThread "Reference Handler"          daemon [_thread_blocked, id=21264, stack(0x0000002012300000,0x0000002012400000) (1024K)]
  0x000001e9caeb8240 JavaThread "Finalizer"                  daemon [_thread_blocked, id=12112, stack(0x0000002012400000,0x0000002012500000) (1024K)]
  0x000001e9caebaf50 JavaThread "Signal Dispatcher"          daemon [_thread_blocked, id=25152, stack(0x0000002012500000,0x0000002012600000) (1024K)]
  0x000001e9caebdd40 JavaThread "Attach Listener"            daemon [_thread_blocked, id=5608, stack(0x0000002012600000,0x0000002012700000) (1024K)]
  0x000001e9caec0f90 JavaThread "Service Thread"             daemon [_thread_blocked, id=23508, stack(0x0000002012700000,0x0000002012800000) (1024K)]
  0x000001e9caec5a00 JavaThread "Monitor Deflation Thread"   daemon [_thread_blocked, id=24792, stack(0x0000002012800000,0x0000002012900000) (1024K)]
  0x000001e9caeca220 JavaThread "C2 CompilerThread0"         daemon [_thread_blocked, id=18716, stack(0x0000002012900000,0x0000002012a00000) (1024K)]
  0x000001e9caecd820 JavaThread "C1 CompilerThread0"         daemon [_thread_blocked, id=6572, stack(0x0000002012a00000,0x0000002012b00000) (1024K)]
  0x000001ea100ff000 JavaThread "Notification Thread"        daemon [_thread_blocked, id=2260, stack(0x0000002012b00000,0x0000002012c00000) (1024K)]
  0x000001ea100ffd20 JavaThread "Common-Cleaner"             daemon [_thread_blocked, id=23652, stack(0x0000002012c00000,0x0000002012d00000) (1024K)]
Total: 11

Other Threads:
  0x000001e9cae99cd0 VMThread "VM Thread"                           [id=20244, stack(0x0000002012200000,0x0000002012300000) (1024K)]
  0x000001e9cae867f0 WatcherThread "VM Periodic Task Thread"        [id=20752, stack(0x0000002012100000,0x0000002012200000) (1024K)]
  0x000001e9ac3290c0 WorkerThread "GC Thread#0"                     [id=22372, stack(0x0000002011c00000,0x0000002011d00000) (1024K)]
  0x000001e9ac33e220 ConcurrentGCThread "G1 Main Marker"            [id=22024, stack(0x0000002011d00000,0x0000002011e00000) (1024K)]
  0x000001e9ac3404e0 WorkerThread "G1 Conc#0"                       [id=18728, stack(0x0000002011e00000,0x0000002011f00000) (1024K)]
  0x000001e9cad4b520 ConcurrentGCThread "G1 Refine#0"               [id=20452, stack(0x0000002011f00000,0x0000002012000000) (1024K)]
  0x000001e9cad4c0a0 ConcurrentGCThread "G1 Service"                [id=1116, stack(0x0000002012000000,0x0000002012100000) (1024K)]
Total: 7

Threads with active compile tasks:
Total: 0

VM state: not at safepoint (normal execution)

VM Mutex/Monitor currently owned by a thread: None

Heap address: 0x0000000700800000, size: 4088 MB, Compressed Oops mode: Zero based, Oop shift amount: 3

CDS archive(s) mapped at: [0x000001e9cb000000-0x000001e9cbd70000-0x000001e9cbd70000), size 14090240, SharedBaseAddress: 0x000001e9cb000000, ArchiveRelocationMode: 1.
Compressed class space mapped at: 0x000001e9cc000000-0x000001ea0c000000, reserved size: 1073741824
Narrow klass base: 0x000001e9cb000000, Narrow klass shift: 0, Narrow klass range: 0x41000000

GC Precious Log:
 CardTable entry size: 512
 Card Set container configuration: InlinePtr #cards 4 size 8 Array Of Cards #cards 16 size 48 Howl #buckets 8 coarsen threshold 3686 Howl Bitmap #cards 512 size 80 coarsen threshold 460 Card regions per heap region 1 cards per card region 4096
 CPUs: 4 total, 4 available
 Memory: 16344M
 Large Page Support: Disabled
 NUMA Support: Disabled
 Compressed Oops: Enabled (Zero based)
 Heap Region Size: 2M
 Heap Min Capacity: 8M
 Heap Initial Capacity: 256M
 Heap Max Capacity: 4088M
 Pre-touch: Disabled
 Parallel Workers: 4
 Concurrent Workers: 1
 Concurrent Refinement Workers: 4
 Periodic GC: Disabled

Heap:
 garbage-first heap   total reserved 4186112K, committed 262144K, used 0K [0x0000000700800000, 0x0000000800000000)
  region size 2048K, 1 young (2048K), 0 survivors (0K)
 Metaspace       used 159K, committed 384K, reserved 1114112K
  class space    used 7K, committed 128K, reserved 1048576K

Heap Regions: E=young(eden), S=young(survivor), O=old, HS=humongous(starts), HC=humongous(continues), CS=collection set, F=free, TAMS=top-at-mark-start, PB=parsable bottom
|   0|0x0000000700800000, 0x0000000700800000, 0x0000000700a00000|  0%| F|  |TAMS 0x0000000700800000| PB 0x0000000700800000| Untracked |  0
|   1|0x0000000700a00000, 0x0000000700a00000, 0x0000000700c00000|  0%| F|  |TAMS 0x0000000700a00000| PB 0x0000000700a00000| Untracked |  0
|   2|0x0000000700c00000, 0x0000000700c00000, 0x0000000700e00000|  0%| F|  |TAMS 0x0000000700c00000| PB 0x0000000700c00000| Untracked |  0
|   3|0x0000000700e00000, 0x0000000700e00000, 0x0000000701000000|  0%| F|  |TAMS 0x0000000700e00000| PB 0x0000000700e00000| Untracked |  0
|   4|0x0000000701000000, 0x0000000701000000, 0x0000000701200000|  0%| F|  |TAMS 0x0000000701000000| PB 0x0000000701000000| Untracked |  0
|   5|0x0000000701200000, 0x0000000701200000, 0x0000000701400000|  0%| F|  |TAMS 0x0000000701200000| PB 0x0000000701200000| Untracked |  0
|   6|0x0000000701400000, 0x0000000701400000, 0x0000000701600000|  0%| F|  |TAMS 0x0000000701400000| PB 0x0000000701400000| Untracked |  0
|   7|0x0000000701600000, 0x0000000701600000, 0x0000000701800000|  0%| F|  |TAMS 0x0000000701600000| PB 0x0000000701600000| Untracked |  0
|   8|0x0000000701800000, 0x0000000701800000, 0x0000000701a00000|  0%| F|  |TAMS 0x0000000701800000| PB 0x0000000701800000| Untracked |  0
|   9|0x0000000701a00000, 0x0000000701a00000, 0x0000000701c00000|  0%| F|  |TAMS 0x0000000701a00000| PB 0x0000000701a00000| Untracked |  0
|  10|0x0000000701c00000, 0x0000000701c00000, 0x0000000701e00000|  0%| F|  |TAMS 0x0000000701c00000| PB 0x0000000701c00000| Untracked |  0
|  11|0x0000000701e00000, 0x0000000701e00000, 0x0000000702000000|  0%| F|  |TAMS 0x0000000701e00000| PB 0x0000000701e00000| Untracked |  0
|  12|0x0000000702000000, 0x0000000702000000, 0x0000000702200000|  0%| F|  |TAMS 0x0000000702000000| PB 0x0000000702000000| Untracked |  0
|  13|0x0000000702200000, 0x0000000702200000, 0x0000000702400000|  0%| F|  |TAMS 0x0000000702200000| PB 0x0000000702200000| Untracked |  0
|  14|0x0000000702400000, 0x0000000702400000, 0x0000000702600000|  0%| F|  |TAMS 0x0000000702400000| PB 0x0000000702400000| Untracked |  0
|  15|0x0000000702600000, 0x0000000702600000, 0x0000000702800000|  0%| F|  |TAMS 0x0000000702600000| PB 0x0000000702600000| Untracked |  0
|  16|0x0000000702800000, 0x0000000702800000, 0x0000000702a00000|  0%| F|  |TAMS 0x0000000702800000| PB 0x0000000702800000| Untracked |  0
|  17|0x0000000702a00000, 0x0000000702a00000, 0x0000000702c00000|  0%| F|  |TAMS 0x0000000702a00000| PB 0x0000000702a00000| Untracked |  0
|  18|0x0000000702c00000, 0x0000000702c00000, 0x0000000702e00000|  0%| F|  |TAMS 0x0000000702c00000| PB 0x0000000702c00000| Untracked |  0
|  19|0x0000000702e00000, 0x0000000702e00000, 0x0000000703000000|  0%| F|  |TAMS 0x0000000702e00000| PB 0x0000000702e00000| Untracked |  0
|  20|0x0000000703000000, 0x0000000703000000, 0x0000000703200000|  0%| F|  |TAMS 0x0000000703000000| PB 0x0000000703000000| Untracked |  0
|  21|0x0000000703200000, 0x0000000703200000, 0x0000000703400000|  0%| F|  |TAMS 0x0000000703200000| PB 0x0000000703200000| Untracked |  0
|  22|0x0000000703400000, 0x0000000703400000, 0x0000000703600000|  0%| F|  |TAMS 0x0000000703400000| PB 0x0000000703400000| Untracked |  0
|  23|0x0000000703600000, 0x0000000703600000, 0x0000000703800000|  0%| F|  |TAMS 0x0000000703600000| PB 0x0000000703600000| Untracked |  0
|  24|0x0000000703800000, 0x0000000703800000, 0x0000000703a00000|  0%| F|  |TAMS 0x0000000703800000| PB 0x0000000703800000| Untracked |  0
|  25|0x0000000703a00000, 0x0000000703a00000, 0x0000000703c00000|  0%| F|  |TAMS 0x0000000703a00000| PB 0x0000000703a00000| Untracked |  0
|  26|0x0000000703c00000, 0x0000000703c00000, 0x0000000703e00000|  0%| F|  |TAMS 0x0000000703c00000| PB 0x0000000703c00000| Untracked |  0
|  27|0x0000000703e00000, 0x0000000703e00000, 0x0000000704000000|  0%| F|  |TAMS 0x0000000703e00000| PB 0x0000000703e00000| Untracked |  0
|  28|0x0000000704000000, 0x0000000704000000, 0x0000000704200000|  0%| F|  |TAMS 0x0000000704000000| PB 0x0000000704000000| Untracked |  0
|  29|0x0000000704200000, 0x0000000704200000, 0x0000000704400000|  0%| F|  |TAMS 0x0000000704200000| PB 0x0000000704200000| Untracked |  0
|  30|0x0000000704400000, 0x0000000704400000, 0x0000000704600000|  0%| F|  |TAMS 0x0000000704400000| PB 0x0000000704400000| Untracked |  0
|  31|0x0000000704600000, 0x0000000704600000, 0x0000000704800000|  0%| F|  |TAMS 0x0000000704600000| PB 0x0000000704600000| Untracked |  0
|  32|0x0000000704800000, 0x0000000704800000, 0x0000000704a00000|  0%| F|  |TAMS 0x0000000704800000| PB 0x0000000704800000| Untracked |  0
|  33|0x0000000704a00000, 0x0000000704a00000, 0x0000000704c00000|  0%| F|  |TAMS 0x0000000704a00000| PB 0x0000000704a00000| Untracked |  0
|  34|0x0000000704c00000, 0x0000000704c00000, 0x0000000704e00000|  0%| F|  |TAMS 0x0000000704c00000| PB 0x0000000704c00000| Untracked |  0
|  35|0x0000000704e00000, 0x0000000704e00000, 0x0000000705000000|  0%| F|  |TAMS 0x0000000704e00000| PB 0x0000000704e00000| Untracked |  0
|  36|0x0000000705000000, 0x0000000705000000, 0x0000000705200000|  0%| F|  |TAMS 0x0000000705000000| PB 0x0000000705000000| Untracked |  0
|  37|0x0000000705200000, 0x0000000705200000, 0x0000000705400000|  0%| F|  |TAMS 0x0000000705200000| PB 0x0000000705200000| Untracked |  0
|  38|0x0000000705400000, 0x0000000705400000, 0x0000000705600000|  0%| F|  |TAMS 0x0000000705400000| PB 0x0000000705400000| Untracked |  0
|  39|0x0000000705600000, 0x0000000705600000, 0x0000000705800000|  0%| F|  |TAMS 0x0000000705600000| PB 0x0000000705600000| Untracked |  0
|  40|0x0000000705800000, 0x0000000705800000, 0x0000000705a00000|  0%| F|  |TAMS 0x0000000705800000| PB 0x0000000705800000| Untracked |  0
|  41|0x0000000705a00000, 0x0000000705a00000, 0x0000000705c00000|  0%| F|  |TAMS 0x0000000705a00000| PB 0x0000000705a00000| Untracked |  0
|  42|0x0000000705c00000, 0x0000000705c00000, 0x0000000705e00000|  0%| F|  |TAMS 0x0000000705c00000| PB 0x0000000705c00000| Untracked |  0
|  43|0x0000000705e00000, 0x0000000705e00000, 0x0000000706000000|  0%| F|  |TAMS 0x0000000705e00000| PB 0x0000000705e00000| Untracked |  0
|  44|0x0000000706000000, 0x0000000706000000, 0x0000000706200000|  0%| F|  |TAMS 0x0000000706000000| PB 0x0000000706000000| Untracked |  0
|  45|0x0000000706200000, 0x0000000706200000, 0x0000000706400000|  0%| F|  |TAMS 0x0000000706200000| PB 0x0000000706200000| Untracked |  0
|  46|0x0000000706400000, 0x0000000706400000, 0x0000000706600000|  0%| F|  |TAMS 0x0000000706400000| PB 0x0000000706400000| Untracked |  0
|  47|0x0000000706600000, 0x0000000706600000, 0x0000000706800000|  0%| F|  |TAMS 0x0000000706600000| PB 0x0000000706600000| Untracked |  0
|  48|0x0000000706800000, 0x0000000706800000, 0x0000000706a00000|  0%| F|  |TAMS 0x0000000706800000| PB 0x0000000706800000| Untracked |  0
|  49|0x0000000706a00000, 0x0000000706a00000, 0x0000000706c00000|  0%| F|  |TAMS 0x0000000706a00000| PB 0x0000000706a00000| Untracked |  0
|  50|0x0000000706c00000, 0x0000000706c00000, 0x0000000706e00000|  0%| F|  |TAMS 0x0000000706c00000| PB 0x0000000706c00000| Untracked |  0
|  51|0x0000000706e00000, 0x0000000706e00000, 0x0000000707000000|  0%| F|  |TAMS 0x0000000706e00000| PB 0x0000000706e00000| Untracked |  0
|  52|0x0000000707000000, 0x0000000707000000, 0x0000000707200000|  0%| F|  |TAMS 0x0000000707000000| PB 0x0000000707000000| Untracked |  0
|  53|0x0000000707200000, 0x0000000707200000, 0x0000000707400000|  0%| F|  |TAMS 0x0000000707200000| PB 0x0000000707200000| Untracked |  0
|  54|0x0000000707400000, 0x0000000707400000, 0x0000000707600000|  0%| F|  |TAMS 0x0000000707400000| PB 0x0000000707400000| Untracked |  0
|  55|0x0000000707600000, 0x0000000707600000, 0x0000000707800000|  0%| F|  |TAMS 0x0000000707600000| PB 0x0000000707600000| Untracked |  0
|  56|0x0000000707800000, 0x0000000707800000, 0x0000000707a00000|  0%| F|  |TAMS 0x0000000707800000| PB 0x0000000707800000| Untracked |  0
|  57|0x0000000707a00000, 0x0000000707a00000, 0x0000000707c00000|  0%| F|  |TAMS 0x0000000707a00000| PB 0x0000000707a00000| Untracked |  0
|  58|0x0000000707c00000, 0x0000000707c00000, 0x0000000707e00000|  0%| F|  |TAMS 0x0000000707c00000| PB 0x0000000707c00000| Untracked |  0
|  59|0x0000000707e00000, 0x0000000707e00000, 0x0000000708000000|  0%| F|  |TAMS 0x0000000707e00000| PB 0x0000000707e00000| Untracked |  0
|  60|0x0000000708000000, 0x0000000708000000, 0x0000000708200000|  0%| F|  |TAMS 0x0000000708000000| PB 0x0000000708000000| Untracked |  0
|  61|0x0000000708200000, 0x0000000708200000, 0x0000000708400000|  0%| F|  |TAMS 0x0000000708200000| PB 0x0000000708200000| Untracked |  0
|  62|0x0000000708400000, 0x0000000708400000, 0x0000000708600000|  0%| F|  |TAMS 0x0000000708400000| PB 0x0000000708400000| Untracked |  0
|  63|0x0000000708600000, 0x0000000708600000, 0x0000000708800000|  0%| F|  |TAMS 0x0000000708600000| PB 0x0000000708600000| Untracked |  0
|  64|0x0000000708800000, 0x0000000708800000, 0x0000000708a00000|  0%| F|  |TAMS 0x0000000708800000| PB 0x0000000708800000| Untracked |  0
|  65|0x0000000708a00000, 0x0000000708a00000, 0x0000000708c00000|  0%| F|  |TAMS 0x0000000708a00000| PB 0x0000000708a00000| Untracked |  0
|  66|0x0000000708c00000, 0x0000000708c00000, 0x0000000708e00000|  0%| F|  |TAMS 0x0000000708c00000| PB 0x0000000708c00000| Untracked |  0
|  67|0x0000000708e00000, 0x0000000708e00000, 0x0000000709000000|  0%| F|  |TAMS 0x0000000708e00000| PB 0x0000000708e00000| Untracked |  0
|  68|0x0000000709000000, 0x0000000709000000, 0x0000000709200000|  0%| F|  |TAMS 0x0000000709000000| PB 0x0000000709000000| Untracked |  0
|  69|0x0000000709200000, 0x0000000709200000, 0x0000000709400000|  0%| F|  |TAMS 0x0000000709200000| PB 0x0000000709200000| Untracked |  0
|  70|0x0000000709400000, 0x0000000709400000, 0x0000000709600000|  0%| F|  |TAMS 0x0000000709400000| PB 0x0000000709400000| Untracked |  0
|  71|0x0000000709600000, 0x0000000709600000, 0x0000000709800000|  0%| F|  |TAMS 0x0000000709600000| PB 0x0000000709600000| Untracked |  0
|  72|0x0000000709800000, 0x0000000709800000, 0x0000000709a00000|  0%| F|  |TAMS 0x0000000709800000| PB 0x0000000709800000| Untracked |  0
|  73|0x0000000709a00000, 0x0000000709a00000, 0x0000000709c00000|  0%| F|  |TAMS 0x0000000709a00000| PB 0x0000000709a00000| Untracked |  0
|  74|0x0000000709c00000, 0x0000000709c00000, 0x0000000709e00000|  0%| F|  |TAMS 0x0000000709c00000| PB 0x0000000709c00000| Untracked |  0
|  75|0x0000000709e00000, 0x0000000709e00000, 0x000000070a000000|  0%| F|  |TAMS 0x0000000709e00000| PB 0x0000000709e00000| Untracked |  0
|  76|0x000000070a000000, 0x000000070a000000, 0x000000070a200000|  0%| F|  |TAMS 0x000000070a000000| PB 0x000000070a000000| Untracked |  0
|  77|0x000000070a200000, 0x000000070a200000, 0x000000070a400000|  0%| F|  |TAMS 0x000000070a200000| PB 0x000000070a200000| Untracked |  0
|  78|0x000000070a400000, 0x000000070a400000, 0x000000070a600000|  0%| F|  |TAMS 0x000000070a400000| PB 0x000000070a400000| Untracked |  0
|  79|0x000000070a600000, 0x000000070a600000, 0x000000070a800000|  0%| F|  |TAMS 0x000000070a600000| PB 0x000000070a600000| Untracked |  0
|  80|0x000000070a800000, 0x000000070a800000, 0x000000070aa00000|  0%| F|  |TAMS 0x000000070a800000| PB 0x000000070a800000| Untracked |  0
|  81|0x000000070aa00000, 0x000000070aa00000, 0x000000070ac00000|  0%| F|  |TAMS 0x000000070aa00000| PB 0x000000070aa00000| Untracked |  0
|  82|0x000000070ac00000, 0x000000070ac00000, 0x000000070ae00000|  0%| F|  |TAMS 0x000000070ac00000| PB 0x000000070ac00000| Untracked |  0
|  83|0x000000070ae00000, 0x000000070ae00000, 0x000000070b000000|  0%| F|  |TAMS 0x000000070ae00000| PB 0x000000070ae00000| Untracked |  0
|  84|0x000000070b000000, 0x000000070b000000, 0x000000070b200000|  0%| F|  |TAMS 0x000000070b000000| PB 0x000000070b000000| Untracked |  0
|  85|0x000000070b200000, 0x000000070b200000, 0x000000070b400000|  0%| F|  |TAMS 0x000000070b200000| PB 0x000000070b200000| Untracked |  0
|  86|0x000000070b400000, 0x000000070b400000, 0x000000070b600000|  0%| F|  |TAMS 0x000000070b400000| PB 0x000000070b400000| Untracked |  0
|  87|0x000000070b600000, 0x000000070b600000, 0x000000070b800000|  0%| F|  |TAMS 0x000000070b600000| PB 0x000000070b600000| Untracked |  0
|  88|0x000000070b800000, 0x000000070b800000, 0x000000070ba00000|  0%| F|  |TAMS 0x000000070b800000| PB 0x000000070b800000| Untracked |  0
|  89|0x000000070ba00000, 0x000000070ba00000, 0x000000070bc00000|  0%| F|  |TAMS 0x000000070ba00000| PB 0x000000070ba00000| Untracked |  0
|  90|0x000000070bc00000, 0x000000070bc00000, 0x000000070be00000|  0%| F|  |TAMS 0x000000070bc00000| PB 0x000000070bc00000| Untracked |  0
|  91|0x000000070be00000, 0x000000070be00000, 0x000000070c000000|  0%| F|  |TAMS 0x000000070be00000| PB 0x000000070be00000| Untracked |  0
|  92|0x000000070c000000, 0x000000070c000000, 0x000000070c200000|  0%| F|  |TAMS 0x000000070c000000| PB 0x000000070c000000| Untracked |  0
|  93|0x000000070c200000, 0x000000070c200000, 0x000000070c400000|  0%| F|  |TAMS 0x000000070c200000| PB 0x000000070c200000| Untracked |  0
|  94|0x000000070c400000, 0x000000070c400000, 0x000000070c600000|  0%| F|  |TAMS 0x000000070c400000| PB 0x000000070c400000| Untracked |  0
|  95|0x000000070c600000, 0x000000070c600000, 0x000000070c800000|  0%| F|  |TAMS 0x000000070c600000| PB 0x000000070c600000| Untracked |  0
|  96|0x000000070c800000, 0x000000070c800000, 0x000000070ca00000|  0%| F|  |TAMS 0x000000070c800000| PB 0x000000070c800000| Untracked |  0
|  97|0x000000070ca00000, 0x000000070ca00000, 0x000000070cc00000|  0%| F|  |TAMS 0x000000070ca00000| PB 0x000000070ca00000| Untracked |  0
|  98|0x000000070cc00000, 0x000000070cc00000, 0x000000070ce00000|  0%| F|  |TAMS 0x000000070cc00000| PB 0x000000070cc00000| Untracked |  0
|  99|0x000000070ce00000, 0x000000070ce00000, 0x000000070d000000|  0%| F|  |TAMS 0x000000070ce00000| PB 0x000000070ce00000| Untracked |  0
| 100|0x000000070d000000, 0x000000070d000000, 0x000000070d200000|  0%| F|  |TAMS 0x000000070d000000| PB 0x000000070d000000| Untracked |  0
| 101|0x000000070d200000, 0x000000070d200000, 0x000000070d400000|  0%| F|  |TAMS 0x000000070d200000| PB 0x000000070d200000| Untracked |  0
| 102|0x000000070d400000, 0x000000070d400000, 0x000000070d600000|  0%| F|  |TAMS 0x000000070d400000| PB 0x000000070d400000| Untracked |  0
| 103|0x000000070d600000, 0x000000070d600000, 0x000000070d800000|  0%| F|  |TAMS 0x000000070d600000| PB 0x000000070d600000| Untracked |  0
| 104|0x000000070d800000, 0x000000070d800000, 0x000000070da00000|  0%| F|  |TAMS 0x000000070d800000| PB 0x000000070d800000| Untracked |  0
| 105|0x000000070da00000, 0x000000070da00000, 0x000000070dc00000|  0%| F|  |TAMS 0x000000070da00000| PB 0x000000070da00000| Untracked |  0
| 106|0x000000070dc00000, 0x000000070dc00000, 0x000000070de00000|  0%| F|  |TAMS 0x000000070dc00000| PB 0x000000070dc00000| Untracked |  0
| 107|0x000000070de00000, 0x000000070de00000, 0x000000070e000000|  0%| F|  |TAMS 0x000000070de00000| PB 0x000000070de00000| Untracked |  0
| 108|0x000000070e000000, 0x000000070e000000, 0x000000070e200000|  0%| F|  |TAMS 0x000000070e000000| PB 0x000000070e000000| Untracked |  0
| 109|0x000000070e200000, 0x000000070e200000, 0x000000070e400000|  0%| F|  |TAMS 0x000000070e200000| PB 0x000000070e200000| Untracked |  0
| 110|0x000000070e400000, 0x000000070e400000, 0x000000070e600000|  0%| F|  |TAMS 0x000000070e400000| PB 0x000000070e400000| Untracked |  0
| 111|0x000000070e600000, 0x000000070e600000, 0x000000070e800000|  0%| F|  |TAMS 0x000000070e600000| PB 0x000000070e600000| Untracked |  0
| 112|0x000000070e800000, 0x000000070e800000, 0x000000070ea00000|  0%| F|  |TAMS 0x000000070e800000| PB 0x000000070e800000| Untracked |  0
| 113|0x000000070ea00000, 0x000000070ea00000, 0x000000070ec00000|  0%| F|  |TAMS 0x000000070ea00000| PB 0x000000070ea00000| Untracked |  0
| 114|0x000000070ec00000, 0x000000070ec00000, 0x000000070ee00000|  0%| F|  |TAMS 0x000000070ec00000| PB 0x000000070ec00000| Untracked |  0
| 115|0x000000070ee00000, 0x000000070ee00000, 0x000000070f000000|  0%| F|  |TAMS 0x000000070ee00000| PB 0x000000070ee00000| Untracked |  0
| 116|0x000000070f000000, 0x000000070f000000, 0x000000070f200000|  0%| F|  |TAMS 0x000000070f000000| PB 0x000000070f000000| Untracked |  0
| 117|0x000000070f200000, 0x000000070f200000, 0x000000070f400000|  0%| F|  |TAMS 0x000000070f200000| PB 0x000000070f200000| Untracked |  0
| 118|0x000000070f400000, 0x000000070f400000, 0x000000070f600000|  0%| F|  |TAMS 0x000000070f400000| PB 0x000000070f400000| Untracked |  0
| 119|0x000000070f600000, 0x000000070f600000, 0x000000070f800000|  0%| F|  |TAMS 0x000000070f600000| PB 0x000000070f600000| Untracked |  0
| 120|0x000000070f800000, 0x000000070f800000, 0x000000070fa00000|  0%| F|  |TAMS 0x000000070f800000| PB 0x000000070f800000| Untracked |  0
| 121|0x000000070fa00000, 0x000000070fa00000, 0x000000070fc00000|  0%| F|  |TAMS 0x000000070fa00000| PB 0x000000070fa00000| Untracked |  0
| 122|0x000000070fc00000, 0x000000070fc00000, 0x000000070fe00000|  0%| F|  |TAMS 0x000000070fc00000| PB 0x000000070fc00000| Untracked |  0
| 123|0x000000070fe00000, 0x000000070fe00000, 0x0000000710000000|  0%| F|  |TAMS 0x000000070fe00000| PB 0x000000070fe00000| Untracked |  0
| 124|0x0000000710000000, 0x0000000710000000, 0x0000000710200000|  0%| F|  |TAMS 0x0000000710000000| PB 0x0000000710000000| Untracked |  0
| 125|0x0000000710200000, 0x0000000710200000, 0x0000000710400000|  0%| F|  |TAMS 0x0000000710200000| PB 0x0000000710200000| Untracked |  0
| 126|0x0000000710400000, 0x0000000710400000, 0x0000000710600000|  0%| F|  |TAMS 0x0000000710400000| PB 0x0000000710400000| Untracked |  0
| 127|0x0000000710600000, 0x00000007107ae308, 0x0000000710800000| 84%| E|  |TAMS 0x0000000710600000| PB 0x0000000710600000| Complete |  0

Card table byte_map: [0x000001e9c4200000,0x000001e9c4a00000] _byte_map_base: 0x000001e9c09fc000

Marking Bits: (CMBitMap*) 0x000001e9ac3297d0
 Bits: [0x000001e9c4a00000, 0x000001e9c89e0000)

Polling page: 0x000001e9aa290000

Metaspace:

Usage:
  Non-class:    152.52 KB used.
      Class:      7.05 KB used.
       Both:    159.57 KB used.

Virtual space:
  Non-class space:       64.00 MB reserved,     256.00 KB ( <1%) committed,  1 nodes.
      Class space:        1.00 GB reserved,     128.00 KB ( <1%) committed,  1 nodes.
             Both:        1.06 GB reserved,     384.00 KB ( <1%) committed. 

Chunk freelists:
   Non-Class:  12.00 MB
       Class:  15.75 MB
        Both:  27.74 MB

MaxMetaspaceSize: unlimited
CompressedClassSpaceSize: 1.00 GB
Initial GC threshold: 21.00 MB
Current GC threshold: 21.00 MB
CDS: on
 - commit_granule_bytes: 65536.
 - commit_granule_words: 8192.
 - virtual_space_node_default_size: 8388608.
 - enlarge_chunks_in_place: 1.
 - use_allocation_guard: 0.


Internal statistics:

num_allocs_failed_limit: 0.
num_arena_births: 4.
num_arena_deaths: 0.
num_vsnodes_births: 2.
num_vsnodes_deaths: 0.
num_space_committed: 6.
num_space_uncommitted: 0.
num_chunks_returned_to_freelist: 0.
num_chunks_taken_from_freelist: 5.
num_chunk_merges: 0.
num_chunk_splits: 3.
num_chunks_enlarged: 0.
num_inconsistent_stats: 0.

CodeHeap 'non-profiled nmethods': size=120064Kb used=19Kb max_used=19Kb free=120044Kb
 bounds [0x000001e9bc4c0000, 0x000001e9bc730000, 0x000001e9c3a00000]
CodeHeap 'profiled nmethods': size=120000Kb used=72Kb max_used=72Kb free=119928Kb
 bounds [0x000001e9b4a00000, 0x000001e9b4c70000, 0x000001e9bbf30000]
CodeHeap 'non-nmethods': size=5696Kb used=1173Kb max_used=1173Kb free=4522Kb
 bounds [0x000001e9bbf30000, 0x000001e9bc1a0000, 0x000001e9bc4c0000]
CodeCache: size=245760Kb, used=1264Kb, max_used=1264Kb, free=244494Kb
 total_blobs=387, nmethods=78, adapters=215, full_count=0
Compilation: enabled, stopped_count=0, restarted_count=0

Compilation events (20 events):
Event: 0.063 Thread 0x000001e9caecd820   67       3       java.util.HashSet::add (20 bytes)
Event: 0.063 Thread 0x000001e9caecd820 nmethod 67 0x000001e9b4a10c08 code [0x000001e9b4a10d40, 0x000001e9b4a10ef8]
Event: 0.063 Thread 0x000001e9caecd820   71       3       java.lang.module.ResolvedModule::name (11 bytes)
Event: 0.063 Thread 0x000001e9caecd820 nmethod 71 0x000001e9b4a10f88 code [0x000001e9b4a110a0, 0x000001e9b4a11210]
Event: 0.063 Thread 0x000001e9caecd820   64       1       java.lang.module.ModuleDescriptor::isAutomatic (5 bytes)
Event: 0.063 Thread 0x000001e9caecd820 nmethod 64 0x000001e9bc4c3c88 code [0x000001e9bc4c3da0, 0x000001e9bc4c3e70]
Event: 0.063 Thread 0x000001e9caecd820   68       1       java.lang.module.ResolvedModule::configuration (5 bytes)
Event: 0.063 Thread 0x000001e9caecd820 nmethod 68 0x000001e9bc4c3f88 code [0x000001e9bc4c40a0, 0x000001e9bc4c4170]
Event: 0.063 Thread 0x000001e9caecd820   73       3       java.util.ImmutableCollections$Set12$1::next (95 bytes)
Event: 0.063 Thread 0x000001e9caecd820 nmethod 73 0x000001e9b4a11288 code [0x000001e9b4a113c0, 0x000001e9b4a11648]
Event: 0.063 Thread 0x000001e9caecd820   70       1       java.lang.module.ModuleDescriptor$Exports::targets (5 bytes)
Event: 0.063 Thread 0x000001e9caecd820 nmethod 70 0x000001e9bc4c4288 code [0x000001e9bc4c43a0, 0x000001e9bc4c4470]
Event: 0.063 Thread 0x000001e9caecd820   72       1       java.util.ImmutableCollections$Set12::isEmpty (2 bytes)
Event: 0.063 Thread 0x000001e9caecd820 nmethod 72 0x000001e9bc4c4588 code [0x000001e9bc4c46a0, 0x000001e9bc4c4768]
Event: 0.065 Thread 0x000001e9caecd820   76       3       java.lang.AbstractStringBuilder::ensureCapacityInternal (39 bytes)
Event: 0.065 Thread 0x000001e9caecd820 nmethod 76 0x000001e9b4a11688 code [0x000001e9b4a117c0, 0x000001e9b4a119f0]
Event: 0.065 Thread 0x000001e9caecd820   77       3       java.lang.AbstractStringBuilder::isLatin1 (19 bytes)
Event: 0.065 Thread 0x000001e9caecd820 nmethod 77 0x000001e9b4a11a08 code [0x000001e9b4a11b20, 0x000001e9b4a11c90]
Event: 0.066 Thread 0x000001e9caecd820   78       3       java.lang.String::isEmpty (14 bytes)
Event: 0.066 Thread 0x000001e9caecd820 nmethod 78 0x000001e9b4a11d08 code [0x000001e9b4a11e20, 0x000001e9b4a11f88]

GC Heap History (0 events):
No events

Dll operation events (2 events):
Event: 0.013 Loaded shared library C:\Program Files\Java\jdk-23\bin\java.dll
Event: 0.046 Loaded shared library C:\Program Files\Java\jdk-23\bin\jsvml.dll

Deoptimization events (0 events):
No events

Classes loaded (14 events):
Event: 0.039 Loading class sun/nio/cs/MS1251
Event: 0.040 Loading class sun/nio/cs/MS1251 done
Event: 0.041 Loading class sun/nio/cs/MS1251$Holder
Event: 0.041 Loading class sun/nio/cs/MS1251$Holder done
Event: 0.043 Loading class sun/nio/cs/IBM866
Event: 0.043 Loading class sun/nio/cs/IBM866 done
Event: 0.043 Loading class sun/nio/cs/IBM866$Holder
Event: 0.043 Loading class sun/nio/cs/IBM866$Holder done
Event: 0.065 Loading class jdk/internal/loader/URLClassPath$FileLoader
Event: 0.065 Loading class jdk/internal/loader/URLClassPath$FileLoader done
Event: 0.065 Loading class sun/nio/cs/UTF_8$Decoder
Event: 0.065 Loading class sun/nio/cs/UTF_8$Decoder done
Event: 0.066 Loading class jdk/internal/loader/URLClassPath$FileLoader$1
Event: 0.066 Loading class jdk/internal/loader/URLClassPath$FileLoader$1 done

Classes unloaded (0 events):
No events

Classes redefined (0 events):
No events

Internal exceptions (0 events):
No events

VM Operations (0 events):
No events

Memory protections (0 events):
No events

Nmethod flushes (0 events):
No events

Events (11 events):
Event: 0.029 Thread 0x000001e9a9f9bce0 Thread added: 0x000001e9a9f9bce0
Event: 0.044 Thread 0x000001e9a9f9bce0 Thread added: 0x000001e9caeb7320
Event: 0.044 Thread 0x000001e9a9f9bce0 Thread added: 0x000001e9caeb8240
Event: 0.045 Thread 0x000001e9a9f9bce0 Thread added: 0x000001e9caebaf50
Event: 0.045 Thread 0x000001e9a9f9bce0 Thread added: 0x000001e9caebdd40
Event: 0.045 Thread 0x000001e9a9f9bce0 Thread added: 0x000001e9caec0f90
Event: 0.045 Thread 0x000001e9a9f9bce0 Thread added: 0x000001e9caec5a00
Event: 0.045 Thread 0x000001e9a9f9bce0 Thread added: 0x000001e9caeca220
Event: 0.045 Thread 0x000001e9a9f9bce0 Thread added: 0x000001e9caecd820
Event: 0.064 Thread 0x000001e9a9f9bce0 Thread added: 0x000001ea100ff000
Event: 0.067 Thread 0x000001e9a9f9bce0 Thread added: 0x000001ea100ffd20


Dynamic libraries:
0x00007ff671c30000 - 0x00007ff671c40000 	C:\Program Files\Java\jdk-23\bin\java.exe
0x00007ffa74ad0000 - 0x00007ffa74cc8000 	C:\Windows\SYSTEM32\ntdll.dll
0x00007ffa74990000 - 0x00007ffa74a52000 	C:\Windows\System32\KERNEL32.DLL
0x00007ffa72610000 - 0x00007ffa7290f000 	C:\Windows\System32\KERNELBASE.dll
0x00007ffa724c0000 - 0x00007ffa725c0000 	C:\Windows\System32\ucrtbase.dll
0x00007ff9a90a0000 - 0x00007ff9a90bb000 	C:\Program Files\Java\jdk-23\bin\VCRUNTIME140.dll
0x00007ff9a81a0000 - 0x00007ff9a81b7000 	C:\Program Files\Java\jdk-23\bin\jli.dll
0x00007ffa72b40000 - 0x00007ffa72cdd000 	C:\Windows\System32\USER32.dll
0x00007ffa66410000 - 0x00007ffa666aa000 	C:\Windows\WinSxS\amd64_microsoft.windows.common-controls_6595b64144ccf1df_6.0.19041.4355_none_60b8b9eb71f62e16\COMCTL32.dll
0x00007ffa72400000 - 0x00007ffa72422000 	C:\Windows\System32\win32u.dll
0x00007ffa741c0000 - 0x00007ffa7425e000 	C:\Windows\System32\msvcrt.dll
0x00007ffa74a60000 - 0x00007ffa74a8b000 	C:\Windows\System32\GDI32.dll
0x00007ffa72190000 - 0x00007ffa722a7000 	C:\Windows\System32\gdi32full.dll
0x00007ffa722b0000 - 0x00007ffa7234d000 	C:\Windows\System32\msvcp_win.dll
0x00007ffa73eb0000 - 0x00007ffa73edf000 	C:\Windows\System32\IMM32.DLL
0x00007ffa4c740000 - 0x00007ffa4c74c000 	C:\Program Files\Java\jdk-23\bin\vcruntime140_1.dll
0x00007ff9996f0000 - 0x00007ff99977e000 	C:\Program Files\Java\jdk-23\bin\msvcp140.dll
0x00007ff975490000 - 0x00007ff9761df000 	C:\Program Files\Java\jdk-23\bin\server\jvm.dll
0x00007ffa73d80000 - 0x00007ffa73e31000 	C:\Windows\System32\ADVAPI32.dll
0x00007ffa73040000 - 0x00007ffa730df000 	C:\Windows\System32\sechost.dll
0x00007ffa73fb0000 - 0x00007ffa740d3000 	C:\Windows\System32\RPCRT4.dll
0x00007ffa72160000 - 0x00007ffa72187000 	C:\Windows\System32\bcrypt.dll
0x00007ffa73c90000 - 0x00007ffa73cfb000 	C:\Windows\System32\WS2_32.dll
0x00007ffa71650000 - 0x00007ffa7169b000 	C:\Windows\SYSTEM32\POWRPROF.dll
0x00007ffa67690000 - 0x00007ffa676b7000 	C:\Windows\SYSTEM32\WINMM.dll
0x00007ffa6ca30000 - 0x00007ffa6ca3a000 	C:\Windows\SYSTEM32\VERSION.dll
0x00007ffa714c0000 - 0x00007ffa714d2000 	C:\Windows\SYSTEM32\UMPDC.dll
0x00007ffa70480000 - 0x00007ffa70492000 	C:\Windows\SYSTEM32\kernel.appcore.dll
0x00007ffa3f510000 - 0x00007ffa3f51a000 	C:\Program Files\Java\jdk-23\bin\jimage.dll
0x00007ffa6a3d0000 - 0x00007ffa6a5b4000 	C:\Windows\SYSTEM32\DBGHELP.DLL
0x00007ffa5ca80000 - 0x00007ffa5cab4000 	C:\Windows\SYSTEM32\dbgcore.DLL
0x00007ffa72430000 - 0x00007ffa724b2000 	C:\Windows\System32\bcryptPrimitives.dll
0x00007ff9a53c0000 - 0x00007ff9a53de000 	C:\Program Files\Java\jdk-23\bin\java.dll
0x00007ffa74800000 - 0x00007ffa7492b000 	C:\Windows\System32\ole32.dll
0x00007ffa72ce0000 - 0x00007ffa73035000 	C:\Windows\System32\combase.dll
0x00007ffa734b0000 - 0x00007ffa73c1e000 	C:\Windows\System32\SHELL32.dll
0x00007ffa6fcc0000 - 0x00007ffa70464000 	C:\Windows\SYSTEM32\windows.storage.dll
0x00007ffa71b60000 - 0x00007ffa71b8f000 	C:\Windows\SYSTEM32\Wldp.dll
0x00007ffa73ee0000 - 0x00007ffa73fad000 	C:\Windows\System32\OLEAUT32.dll
0x00007ffa73370000 - 0x00007ffa7341d000 	C:\Windows\System32\SHCORE.dll
0x00007ffa73c30000 - 0x00007ffa73c85000 	C:\Windows\System32\shlwapi.dll
0x00007ffa72090000 - 0x00007ffa720b4000 	C:\Windows\SYSTEM32\profapi.dll
0x00007ff997b00000 - 0x00007ff997bd7000 	C:\Program Files\Java\jdk-23\bin\jsvml.dll

dbghelp: loaded successfully - version: 4.0.5 - missing functions: none
symbol engine: initialized successfully - sym options: 0x614 - pdb path: .;C:\Program Files\Java\jdk-23\bin;C:\Windows\SYSTEM32;C:\Windows\WinSxS\amd64_microsoft.windows.common-controls_6595b64144ccf1df_6.0.19041.4355_none_60b8b9eb71f62e16;C:\Program Files\Java\jdk-23\bin\server

VM Arguments:
jvm_args: -Xverify:none 
java_command: __PROGRAM__
java_class_path (initial): .
Launcher Type: SUN_STANDARD

[Global flags]
     intx CICompilerCount                          = 3                                         {product} {ergonomic}
     uint ConcGCThreads                            = 1                                         {product} {ergonomic}
     uint G1ConcRefinementThreads                  = 4                                         {product} {ergonomic}
   size_t G1HeapRegionSize                         = 2097152                                   {product} {ergonomic}
   size_t InitialHeapSize                          = 268435456                                 {product} {ergonomic}
   size_t MarkStackSize                            = 4194304                                   {product} {ergonomic}
   size_t MarkStackSizeMax                         = 536870912                                 {product} {ergonomic}
   size_t MaxHeapSize                              = 4286578688                                {product} {ergonomic}
   size_t MaxNewSize                               = 2571108352                                {product} {ergonomic}
   size_t MinHeapDeltaBytes                        = 2097152                                   {product} {ergonomic}
   size_t MinHeapSize                              = 8388608                                   {product} {ergonomic}
    uintx NonNMethodCodeHeapSize                   = 5832704                                {pd product} {ergonomic}
    uintx NonProfiledCodeHeapSize                  = 122945536                              {pd product} {ergonomic}
    uintx ProfiledCodeHeapSize                     = 122880000                              {pd product} {ergonomic}
    uintx ReservedCodeCacheSize                    = 251658240                              {pd product} {ergonomic}
     bool SegmentedCodeCache                       = true                                      {product} {ergonomic}
   size_t SoftMaxHeapSize                          = 4286578688                             {manageable} {ergonomic}
     bool UseCompressedOops                        = true                           {product lp64_product} {ergonomic}
     bool UseG1GC                                  = true                                      {product} {ergonomic}
     bool UseLargePagesIndividualAllocation        = false                                  {pd product} {ergonomic}

Logging:
Log output configuration:
 #0: stdout all=warning uptime,level,tags foldmultilines=false
 #1: stderr all=off uptime,level,tags foldmultilines=false

Environment Variables:
CLASSPATH=E:\LINGO64_20\Lingo20.jar
PATH=C:\Program Files\Java\jdk-23\bin;C:\Program Files\Microsoft HPC Pack 2008 SDK\Bin\;C:\Program Files\Common Files\Oracle\Java\javapath;C:\Program Files\Microsoft\jdk-11.0.12.7-hotspot\bin;C:\Windows\system32;C:\Windows;C:\Windows\System32\Wbem;C:\Windows\System32\WindowsPowerShell\v1.0\;C:\Windows\System32\OpenSSH\;C:\Program Files\dotnet\;C;C;C:\Program Files\Git\cmd;C:\Program Files\Graphviz\bin;C:\Users\f2057\AppData\Local\Programs\Python\Python39;C:\Users\f2057\AppData\Local\Programs\Python\Python39\Scripts;E:\LINGO64_20\;C:\Program Files\nodejs\;C:\Program Files\Docker\Docker\resources\bin;C:\Program Files\Cloudflare\Cloudflare WARP\;C:\Program Files\Java\jdk-23\bin;C:\Program Files\MySQL\MySQL Shell 8.0\bin\;C:\Users\f2057\AppData\Local\Microsoft\WindowsApps;C:\Users\f2057\.dotnet\tools;C:\Users\f2057\AppData\Local\GitHubDesktop\bin;C:\Users\f2057\AppData\Local\Programs\Microsoft VS Code\bin;C:\Program Files\JetBrains\PyCharm Community Edition 2023.1.2\bin;;C:\Program Files\JetBrains\IntelliJ IDEA Community Edition 2023.2.1\bin;;C:\Users\f2057\AppData\Local\Programs\Python\Python39;C:\Program Files\JetBrains\CLion 2024.2.2\bin;;C:\Users\f2057\AppData\Local\Microsoft\WinGet\Packages\Schniz.fnm_Microsoft.Winget.Source_8wekyb3d8bbwe;C:\Users\f2057\AppData\Roaming\npm;
USERNAME=f2057
OS=Windows_NT
PROCESSOR_IDENTIFIER=Intel64 Family 6 Model 158 Stepping 11, GenuineIntel
TMP=C:\Users\f2057\AppData\Local\Temp
TEMP=C:\Users\f2057\AppData\Local\Temp




Periodic native trim disabled

---------------  S Y S T E M  ---------------

OS:
 Windows 10 , 64 bit Build 19041 (10.0.19041.5198)
OS uptime: 0 days 3:47 hours
Hyper-V role detected

CPU: total 4 (initial active 4) (4 cores per cpu, 1 threads per core) family 6 model 158 stepping 11 microcode 0xb4, cx8, cmov, fxsr, mmx, 3dnowpref, sse, sse2, sse3, ssse3, sse4.1, sse4.2, popcnt, lzcnt, tsc, tscinvbit, avx, avx2, aes, erms, clmul, bmi1, bmi2, adx, fma, vzeroupper, clflush, clflushopt, hv, rdtscp, f16c
Processor Information for the first 4 processors :
  Max Mhz: 3600, Current Mhz: 3600, Mhz Limit: 3600

Memory: 4k page, system-wide physical 16344M (5954M free)
TotalPageFile size 26584M (AvailPageFile size 6571M)
current process WorkingSet (physical memory assigned to process): 35M, peak: 35M
current process commit charge ("private bytes"): 332M, peak: 332M

vm_info: Java HotSpot(TM) 64-Bit Server VM (23.0.1+11-39) for windows-amd64 JRE (23.0.1+11-39), built on 2024-09-30T07:20:43Z with MS VC++ 17.6 (VS2022)

END.
